Using pre-set license
Built from '2021.3/staging' branch; Version is '2021.3.4f1 (cb45f9cae8b7) revision 13321721'; Using compiler version '192829333'; Build Type 'Release'
OS: 'Windows 10  (10.0.19045) 64bit Core' Language: 'cs' Physical Memory: 16295 MB
BatchMode: 1, IsHumanControllingUs: 0, StartBugReporterOnCrash: 0, Is64bit: 1, IsPro: 1

COMMAND LINE ARGUMENTS:
D:\Program Files (x86)\Unity\Hub\Editor\2021.3.4f1\Editor\Unity.exe
-adb2
-batchMode
-noUpm
-name
AssetImportWorker3
-projectPath
D:/Koj/Programování/GitHub/Unity/BeFakers/BeFake dash
-logFile
Logs/AssetImportWorker3.log
-srvPort
56998
Successfully changed project path to: D:/Koj/Programování/GitHub/Unity/BeFakers/BeFake dash
D:/Koj/Programování/GitHub/Unity/BeFakers/BeFake dash
[UnityMemory] Configuration Parameters - Can be set up in boot.config
    "memorysetup-bucket-allocator-granularity=16"
    "memorysetup-bucket-allocator-bucket-count=8"
    "memorysetup-bucket-allocator-block-size=33554432"
    "memorysetup-bucket-allocator-block-count=8"
    "memorysetup-main-allocator-block-size=16777216"
    "memorysetup-thread-allocator-block-size=16777216"
    "memorysetup-gfx-main-allocator-block-size=16777216"
    "memorysetup-gfx-thread-allocator-block-size=16777216"
    "memorysetup-cache-allocator-block-size=4194304"
    "memorysetup-typetree-allocator-block-size=2097152"
    "memorysetup-profiler-bucket-allocator-granularity=16"
    "memorysetup-profiler-bucket-allocator-bucket-count=8"
    "memorysetup-profiler-bucket-allocator-block-size=33554432"
    "memorysetup-profiler-bucket-allocator-block-count=8"
    "memorysetup-profiler-allocator-block-size=16777216"
    "memorysetup-profiler-editor-allocator-block-size=1048576"
    "memorysetup-temp-allocator-size-main=16777216"
    "memorysetup-job-temp-allocator-block-size=2097152"
    "memorysetup-job-temp-allocator-block-size-background=1048576"
    "memorysetup-job-temp-allocator-reduction-small-platforms=262144"
    "memorysetup-temp-allocator-size-background-worker=32768"
    "memorysetup-temp-allocator-size-job-worker=262144"
    "memorysetup-temp-allocator-size-preload-manager=33554432"
    "memorysetup-temp-allocator-size-nav-mesh-worker=65536"
    "memorysetup-temp-allocator-size-audio-worker=65536"
    "memorysetup-temp-allocator-size-cloud-worker=32768"
    "memorysetup-temp-allocator-size-gi-baking-worker=262144"
    "memorysetup-temp-allocator-size-gfx=262144"
Refreshing native plugins compatible for Editor in 115.20 ms, found 4 plugins.
Preloading 0 native plugins for Editor in 0.00 ms.
Initialize engine version: 2021.3.4f1 (cb45f9cae8b7)
[Subsystems] Discovering subsystems at path D:/Program Files (x86)/Unity/Hub/Editor/2021.3.4f1/Editor/Data/Resources/UnitySubsystems
[Subsystems] Discovering subsystems at path D:/Koj/Programování/GitHub/Unity/BeFakers/BeFake dash/Assets
GfxDevice: creating device client; threaded=0; jobified=0
Direct3D:
    Version:  Direct3D 11.0 [level 11.1]
    Renderer: NVIDIA GeForce GTX 1650 (ID=0x2188)
    Vendor:   NVIDIA
    VRAM:     3962 MB
    Driver:   31.0.15.1694
Initialize mono
Mono path[0] = 'D:/Program Files (x86)/Unity/Hub/Editor/2021.3.4f1/Editor/Data/Managed'
Mono path[1] = 'D:/Program Files (x86)/Unity/Hub/Editor/2021.3.4f1/Editor/Data/MonoBleedingEdge/lib/mono/unityjit-win32'
Mono config path = 'D:/Program Files (x86)/Unity/Hub/Editor/2021.3.4f1/Editor/Data/MonoBleedingEdge/etc'
Using monoOptions --debugger-agent=transport=dt_socket,embedding=1,server=y,suspend=n,address=127.0.0.1:56268
Begin MonoManager ReloadAssembly
Registering precompiled unity dll's ...
Register platform support module: D:/Program Files (x86)/Unity/Hub/Editor/2021.3.4f1/Editor/Data/PlaybackEngines/AndroidPlayer/UnityEditor.Android.Extensions.dll
Register platform support module: D:/Program Files (x86)/Unity/Hub/Editor/2021.3.4f1/Editor/Data/PlaybackEngines/iOSSupport/UnityEditor.iOS.Extensions.dll
Register platform support module: D:/Program Files (x86)/Unity/Hub/Editor/2021.3.4f1/Editor/Data/PlaybackEngines/WindowsStandaloneSupport/UnityEditor.WindowsStandalone.Extensions.dll
Register platform support module: D:/Program Files (x86)/Unity/Hub/Editor/2021.3.4f1/Editor/Data/PlaybackEngines/MetroSupport/UnityEditor.UWP.Extensions.dll
Registered in 0.005317 seconds.
Native extension for UWP target not found
Native extension for WindowsStandalone target not found
[usbmuxd] Start listen thread
[usbmuxd] Listen thread started
Native extension for iOS target not found
Native extension for Android target not found
Refreshing native plugins compatible for Editor in 102.65 ms, found 4 plugins.
Preloading 0 native plugins for Editor in 0.00 ms.
Mono: successfully reloaded assembly
- Completed reload, in  0.692 seconds
Domain Reload Profiling:
	ReloadAssembly (692ms)
		BeginReloadAssembly (97ms)
			ExecutionOrderSort (0ms)
			DisableScriptedObjects (0ms)
			BackupInstance (0ms)
			ReleaseScriptingObjects (0ms)
			CreateAndSetChildDomain (1ms)
		EndReloadAssembly (492ms)
			LoadAssemblies (98ms)
			RebuildTransferFunctionScriptingTraits (0ms)
			SetupTypeCache (112ms)
			ReleaseScriptCaches (0ms)
			RebuildScriptCaches (27ms)
			SetupLoadedEditorAssemblies (306ms)
				LogAssemblyErrors (0ms)
				InitializePlatformSupportModulesInManaged (65ms)
				SetLoadedEditorAssemblies (0ms)
				RefreshPlugins (103ms)
				BeforeProcessingInitializeOnLoad (1ms)
				ProcessInitializeOnLoadAttributes (93ms)
				ProcessInitializeOnLoadMethodAttributes (44ms)
				AfterProcessingInitializeOnLoad (0ms)
				EditorAssembliesLoaded (0ms)
			ExecutionOrderSort2 (0ms)
			AwakeInstancesAfterBackupRestoration (0ms)
Platform modules already initialized, skipping
Registering precompiled user dll's ...
Registered in 0.008026 seconds.
Begin MonoManager ReloadAssembly
Symbol file LoadedFromMemory doesn't match image D:\Koj\Programování\GitHub\Unity\BeFakers\BeFake dash\Library\PackageCache\com.unity.visualscripting@1.7.8\Editor\VisualScripting.Core\Dependencies\YamlDotNet\Unity.VisualScripting.YamlDotNet.dll
Symbol file LoadedFromMemory doesn't match image D:\Koj\Programování\GitHub\Unity\BeFakers\BeFake dash\Library\PackageCache\com.unity.visualscripting@1.7.8\Editor\VisualScripting.Core\Dependencies\DotNetZip\Unity.VisualScripting.IonicZip.dll
Native extension for UWP target not found
Native extension for WindowsStandalone target not found
Native extension for iOS target not found
Native extension for Android target not found
Refreshing native plugins compatible for Editor in 103.77 ms, found 4 plugins.
Preloading 0 native plugins for Editor in 0.00 ms.
Mono: successfully reloaded assembly
- Completed reload, in  1.285 seconds
Domain Reload Profiling:
	ReloadAssembly (1286ms)
		BeginReloadAssembly (233ms)
			ExecutionOrderSort (0ms)
			DisableScriptedObjects (6ms)
			BackupInstance (0ms)
			ReleaseScriptingObjects (0ms)
			CreateAndSetChildDomain (121ms)
		EndReloadAssembly (944ms)
			LoadAssemblies (116ms)
			RebuildTransferFunctionScriptingTraits (0ms)
			SetupTypeCache (251ms)
			ReleaseScriptCaches (1ms)
			RebuildScriptCaches (56ms)
			SetupLoadedEditorAssemblies (500ms)
				LogAssemblyErrors (0ms)
				InitializePlatformSupportModulesInManaged (22ms)
				SetLoadedEditorAssemblies (0ms)
				RefreshPlugins (104ms)
				BeforeProcessingInitializeOnLoad (96ms)
				ProcessInitializeOnLoadAttributes (234ms)
				ProcessInitializeOnLoadMethodAttributes (42ms)
				AfterProcessingInitializeOnLoad (3ms)
				EditorAssembliesLoaded (0ms)
			ExecutionOrderSort2 (0ms)
			AwakeInstancesAfterBackupRestoration (6ms)
Platform modules already initialized, skipping
========================================================================
Worker process is ready to serve import requests
Launched and connected shader compiler UnityShaderCompiler.exe after 0.04 seconds
Refreshing native plugins compatible for Editor in 0.83 ms, found 4 plugins.
Preloading 0 native plugins for Editor in 0.00 ms.
Unloading 4056 Unused Serialized files (Serialized files now loaded: 0)
Unloading 44 unused Assets / (222.8 KB). Loaded Objects now: 4507.
Memory consumption went from 151.3 MB to 151.1 MB.
Total: 3.134500 ms (FindLiveObjects: 0.301300 ms CreateObjectMapping: 0.243600 ms MarkObjects: 2.451600 ms  DeleteObjects: 0.137000 ms)

AssetImportParameters requested are different than current active one (requested -> active):
  custom:video-decoder-ogg-theora: a1e56fd34408186e4bbccfd4996cb3dc -> 
  custom:container-muxer-webm: aa71ff27fc2769a1b78a27578f13a17b -> 
  custom:container-demuxer-webm: 4f35f7cbe854078d1ac9338744f61a02 -> 
  custom:video-encoder-webm-vp8: eb34c28f22e8b96e1ab97ce403110664 -> 
  custom:audio-encoder-webm-vorbis: bf7c407c2cedff20999df2af8eb42d56 -> 
  custom:framework-win-MediaFoundation: 216162199b28c13a410421893ffa2e32 -> 
  custom:container-demuxer-ogg: 62fdf1f143b41e24485cea50d1cbac27 -> 
  custom:video-decoder-webm-vp8: 9c59270c3fd7afecdb556c50c9e8de78 -> 
  custom:audio-decoder-ogg-vorbis: bf7c407c2cedff20999df2af8eb42d56 -> 
========================================================================
Received Import Request.
  Time since last request: 1288502.389061 seconds.
  path: Assets/Tilemaps/Terrain (16x16)_92.asset
  artifactKey: Guid(b82e9afb2cd75aa44aba1de1d01e35d0) Importer(815301076,1909f56bfc062723c751e8b465ee728b)
Start importing Assets/Tilemaps/Terrain (16x16)_92.asset using Guid(b82e9afb2cd75aa44aba1de1d01e35d0) Importer(815301076,1909f56bfc062723c751e8b465ee728b)  -> (artifact id: 'f078a6f983b5c9fe37faf61a14dccf9e') in 0.056519 seconds 
========================================================================
Received Import Request.
  Time since last request: 0.000029 seconds.
  path: Assets/Tilemaps/Terrain (16x16)_107.asset
  artifactKey: Guid(3085d79c0387dc8438b8595479e19c84) Importer(815301076,1909f56bfc062723c751e8b465ee728b)
Start importing Assets/Tilemaps/Terrain (16x16)_107.asset using Guid(3085d79c0387dc8438b8595479e19c84) Importer(815301076,1909f56bfc062723c751e8b465ee728b)  -> (artifact id: 'c8b096668d44746cdfc70fc09e9b3b91') in 0.010818 seconds 
========================================================================
Received Import Request.
  Time since last request: 0.000022 seconds.
  path: Assets/Tilemaps/Terrain (16x16)_109.asset
  artifactKey: Guid(fa109d910d31711408dee61c61d9645f) Importer(815301076,1909f56bfc062723c751e8b465ee728b)
Start importing Assets/Tilemaps/Terrain (16x16)_109.asset using Guid(fa109d910d31711408dee61c61d9645f) Importer(815301076,1909f56bfc062723c751e8b465ee728b)  -> (artifact id: '236defa05e6df69246506b900e79e16e') in 0.007334 seconds 
========================================================================
Received Import Request.
  Time since last request: 0.000040 seconds.
  path: Assets/Tilemaps/Terrain (16x16)_124.asset
  artifactKey: Guid(8f53c2163b0695246bf76d93d1d6e704) Importer(815301076,1909f56bfc062723c751e8b465ee728b)
Start importing Assets/Tilemaps/Terrain (16x16)_124.asset using Guid(8f53c2163b0695246bf76d93d1d6e704) Importer(815301076,1909f56bfc062723c751e8b465ee728b)  -> (artifact id: '02e5e6dc64b8dc1341a6842c7304169a') in 0.006620 seconds 
========================================================================
Received Import Request.
  Time since last request: 0.000014 seconds.
  path: Assets/Tilemaps/Terrain (16x16)_122.asset
  artifactKey: Guid(512401d4e45a6e4418a16cc79a51e3a6) Importer(815301076,1909f56bfc062723c751e8b465ee728b)
Start importing Assets/Tilemaps/Terrain (16x16)_122.asset using Guid(512401d4e45a6e4418a16cc79a51e3a6) Importer(815301076,1909f56bfc062723c751e8b465ee728b)  -> (artifact id: 'd8510ae019178575e89859b2018c37e4') in 0.012042 seconds 
========================================================================
Received Import Request.
  Time since last request: 0.000016 seconds.
  path: Assets/Tilemaps/Terrain (16x16)_140.asset
  artifactKey: Guid(0a79422d4da508d4685127caadfbef95) Importer(815301076,1909f56bfc062723c751e8b465ee728b)
Start importing Assets/Tilemaps/Terrain (16x16)_140.asset using Guid(0a79422d4da508d4685127caadfbef95) Importer(815301076,1909f56bfc062723c751e8b465ee728b)  -> (artifact id: '63fd68591ae49b18c38c0b3cfb532282') in 0.009786 seconds 
========================================================================
Received Import Request.
  Time since last request: 0.000023 seconds.
  path: Assets/Tilemaps/Terrain (16x16)_132.asset
  artifactKey: Guid(4eeac0614a7476649bd7628359a92447) Importer(815301076,1909f56bfc062723c751e8b465ee728b)
Start importing Assets/Tilemaps/Terrain (16x16)_132.asset using Guid(4eeac0614a7476649bd7628359a92447) Importer(815301076,1909f56bfc062723c751e8b465ee728b)  -> (artifact id: 'f130cbef7b57bd3f72cfbc5b477175a8') in 0.009202 seconds 
========================================================================
Received Import Request.
  Time since last request: 0.000017 seconds.
  path: Assets/Tilemaps/Terrain (16x16)_100.asset
  artifactKey: Guid(c4eed64ac6a3e3d4c85951abc0878dd2) Importer(815301076,1909f56bfc062723c751e8b465ee728b)
Start importing Assets/Tilemaps/Terrain (16x16)_100.asset using Guid(c4eed64ac6a3e3d4c85951abc0878dd2) Importer(815301076,1909f56bfc062723c751e8b465ee728b)  -> (artifact id: '2b2f9afb95b4d700de448d1060410f75') in 0.007238 seconds 
========================================================================
Received Import Request.
  Time since last request: 0.000018 seconds.
  path: Assets/Tilemaps/Terrain (16x16)_98.asset
  artifactKey: Guid(7fe854aea7320f2478cbd2e53c9661da) Importer(815301076,1909f56bfc062723c751e8b465ee728b)
Start importing Assets/Tilemaps/Terrain (16x16)_98.asset using Guid(7fe854aea7320f2478cbd2e53c9661da) Importer(815301076,1909f56bfc062723c751e8b465ee728b)  -> (artifact id: 'a37785b1ce89239f2f3acb99040bcbe1') in 0.008251 seconds 
========================================================================
Received Import Request.
  Time since last request: 0.000019 seconds.
  path: Assets/Tilemaps/Terrain (16x16)_139.asset
  artifactKey: Guid(bf5cda3b2fea64a41aac547d66dc1094) Importer(815301076,1909f56bfc062723c751e8b465ee728b)
Start importing Assets/Tilemaps/Terrain (16x16)_139.asset using Guid(bf5cda3b2fea64a41aac547d66dc1094) Importer(815301076,1909f56bfc062723c751e8b465ee728b)  -> (artifact id: '31dc9cb97cbd94a251e371d350327160') in 0.007191 seconds 
========================================================================
Received Import Request.
  Time since last request: 0.000016 seconds.
  path: Assets/Tilemaps/Terrain (16x16)_120.asset
  artifactKey: Guid(99654d53b42c3344ea8a28e37a69ec24) Importer(815301076,1909f56bfc062723c751e8b465ee728b)
Start importing Assets/Tilemaps/Terrain (16x16)_120.asset using Guid(99654d53b42c3344ea8a28e37a69ec24) Importer(815301076,1909f56bfc062723c751e8b465ee728b)  -> (artifact id: 'b28374ee48f9a370cd478ba9e0fee360') in 0.006578 seconds 
========================================================================
Received Import Request.
  Time since last request: 0.000017 seconds.
  path: Assets/Tilemaps/Terrain (16x16)_99.asset
  artifactKey: Guid(065b211c2a373af4eaee149816bd43f7) Importer(815301076,1909f56bfc062723c751e8b465ee728b)
Start importing Assets/Tilemaps/Terrain (16x16)_99.asset using Guid(065b211c2a373af4eaee149816bd43f7) Importer(815301076,1909f56bfc062723c751e8b465ee728b)  -> (artifact id: 'f30a07c2a998db75a1086861945f6571') in 0.006129 seconds 
========================================================================
Received Import Request.
  Time since last request: 0.000016 seconds.
  path: Assets/Tilemaps/Terrain (16x16)_133.asset
  artifactKey: Guid(17be27b6be97a9b478c710a622229be3) Importer(815301076,1909f56bfc062723c751e8b465ee728b)
Start importing Assets/Tilemaps/Terrain (16x16)_133.asset using Guid(17be27b6be97a9b478c710a622229be3) Importer(815301076,1909f56bfc062723c751e8b465ee728b)  -> (artifact id: 'd0f939515e3effb38f828313132e47f7') in 0.007756 seconds 
========================================================================
Received Import Request.
  Time since last request: 0.000017 seconds.
  path: Assets/Tilemaps/Terrain (16x16)_117.asset
  artifactKey: Guid(aa18a5eb133e29d48976cb1cc709c3a9) Importer(815301076,1909f56bfc062723c751e8b465ee728b)
Start importing Assets/Tilemaps/Terrain (16x16)_117.asset using Guid(aa18a5eb133e29d48976cb1cc709c3a9) Importer(815301076,1909f56bfc062723c751e8b465ee728b)  -> (artifact id: 'dd9edaba4921ff29ad075a2400b036cf') in 0.006680 seconds 
========================================================================
Received Import Request.
  Time since last request: 0.000026 seconds.
  path: Assets/Tilemaps/Terrain (16x16)_136.asset
  artifactKey: Guid(71dae0d3dfa3fec4e8e07f1822fbef47) Importer(815301076,1909f56bfc062723c751e8b465ee728b)
Start importing Assets/Tilemaps/Terrain (16x16)_136.asset using Guid(71dae0d3dfa3fec4e8e07f1822fbef47) Importer(815301076,1909f56bfc062723c751e8b465ee728b)  -> (artifact id: '2fb0b019fde18b5e1e8d014013342d51') in 0.007652 seconds 
========================================================================
Received Import Request.
  Time since last request: 0.000025 seconds.
  path: Assets/Tilemaps/Terrain (16x16)_143.asset
  artifactKey: Guid(589eb3486ccf39b40b41518d1cff52e9) Importer(815301076,1909f56bfc062723c751e8b465ee728b)
Start importing Assets/Tilemaps/Terrain (16x16)_143.asset using Guid(589eb3486ccf39b40b41518d1cff52e9) Importer(815301076,1909f56bfc062723c751e8b465ee728b)  -> (artifact id: '38a74a7b33e9d0f708f9e4866aac63d6') in 0.007805 seconds 
========================================================================
Received Import Request.
  Time since last request: 0.000019 seconds.
  path: Assets/Tilemaps/Terrain (16x16)_138.asset
  artifactKey: Guid(cb46f81ce7fb250419035f1c9715b151) Importer(815301076,1909f56bfc062723c751e8b465ee728b)
Start importing Assets/Tilemaps/Terrain (16x16)_138.asset using Guid(cb46f81ce7fb250419035f1c9715b151) Importer(815301076,1909f56bfc062723c751e8b465ee728b)  -> (artifact id: '80a06e6c3be2c292052abf6435dc4d2a') in 0.011021 seconds 
========================================================================
Received Import Request.
  Time since last request: 0.000022 seconds.
  path: Assets/Tilemaps/Terrain (16x16)_128.asset
  artifactKey: Guid(03d803bc6d815d3458991e7f3876ce6c) Importer(815301076,1909f56bfc062723c751e8b465ee728b)
Start importing Assets/Tilemaps/Terrain (16x16)_128.asset using Guid(03d803bc6d815d3458991e7f3876ce6c) Importer(815301076,1909f56bfc062723c751e8b465ee728b)  -> (artifact id: '0cca3f033b94c4037667ba3fc14d4650') in 0.010899 seconds 
Editor requested this worker to shutdown with reason: Scaling down because of idle timeout
AssetImportWorker is now disconnected from the server
Process exiting
Exiting without the bug reporter. Application will terminate with return code 0