Using pre-set license
Built from '2021.3/staging' branch; Version is '2021.3.4f1 (cb45f9cae8b7) revision 13321721'; Using compiler version '192829333'; Build Type 'Release'
OS: 'Windows 10  (10.0.19045) 64bit Core' Language: 'cs' Physical Memory: 16295 MB
BatchMode: 1, IsHumanControllingUs: 0, StartBugReporterOnCrash: 0, Is64bit: 1, IsPro: 1

COMMAND LINE ARGUMENTS:
D:\Program Files (x86)\Unity\Hub\Editor\2021.3.4f1\Editor\Unity.exe
-adb2
-batchMode
-noUpm
-name
AssetImportWorker0
-projectPath
D:/Koj/Programování/GitHub/Unity/BeFakers/BeFake dash
-logFile
Logs/AssetImportWorker0.log
-srvPort
56998
Successfully changed project path to: D:/Koj/Programování/GitHub/Unity/BeFakers/BeFake dash
D:/Koj/Programování/GitHub/Unity/BeFakers/BeFake dash
[UnityMemory] Configuration Parameters - Can be set up in boot.config
    "memorysetup-bucket-allocator-granularity=16"
    "memorysetup-bucket-allocator-bucket-count=8"
    "memorysetup-bucket-allocator-block-size=33554432"
    "memorysetup-bucket-allocator-block-count=8"
    "memorysetup-main-allocator-block-size=16777216"
    "memorysetup-thread-allocator-block-size=16777216"
    "memorysetup-gfx-main-allocator-block-size=16777216"
    "memorysetup-gfx-thread-allocator-block-size=16777216"
    "memorysetup-cache-allocator-block-size=4194304"
    "memorysetup-typetree-allocator-block-size=2097152"
    "memorysetup-profiler-bucket-allocator-granularity=16"
    "memorysetup-profiler-bucket-allocator-bucket-count=8"
    "memorysetup-profiler-bucket-allocator-block-size=33554432"
    "memorysetup-profiler-bucket-allocator-block-count=8"
    "memorysetup-profiler-allocator-block-size=16777216"
    "memorysetup-profiler-editor-allocator-block-size=1048576"
    "memorysetup-temp-allocator-size-main=16777216"
    "memorysetup-job-temp-allocator-block-size=2097152"
    "memorysetup-job-temp-allocator-block-size-background=1048576"
    "memorysetup-job-temp-allocator-reduction-small-platforms=262144"
    "memorysetup-temp-allocator-size-background-worker=32768"
    "memorysetup-temp-allocator-size-job-worker=262144"
    "memorysetup-temp-allocator-size-preload-manager=33554432"
    "memorysetup-temp-allocator-size-nav-mesh-worker=65536"
    "memorysetup-temp-allocator-size-audio-worker=65536"
    "memorysetup-temp-allocator-size-cloud-worker=32768"
    "memorysetup-temp-allocator-size-gi-baking-worker=262144"
    "memorysetup-temp-allocator-size-gfx=262144"
Refreshing native plugins compatible for Editor in 125.10 ms, found 4 plugins.
Preloading 0 native plugins for Editor in 0.00 ms.
Initialize engine version: 2021.3.4f1 (cb45f9cae8b7)
[Subsystems] Discovering subsystems at path D:/Program Files (x86)/Unity/Hub/Editor/2021.3.4f1/Editor/Data/Resources/UnitySubsystems
[Subsystems] Discovering subsystems at path D:/Koj/Programování/GitHub/Unity/BeFakers/BeFake dash/Assets
GfxDevice: creating device client; threaded=0; jobified=0
Direct3D:
    Version:  Direct3D 11.0 [level 11.1]
    Renderer: NVIDIA GeForce GTX 1650 (ID=0x2188)
    Vendor:   NVIDIA
    VRAM:     3962 MB
    Driver:   31.0.15.1694
Initialize mono
Mono path[0] = 'D:/Program Files (x86)/Unity/Hub/Editor/2021.3.4f1/Editor/Data/Managed'
Mono path[1] = 'D:/Program Files (x86)/Unity/Hub/Editor/2021.3.4f1/Editor/Data/MonoBleedingEdge/lib/mono/unityjit-win32'
Mono config path = 'D:/Program Files (x86)/Unity/Hub/Editor/2021.3.4f1/Editor/Data/MonoBleedingEdge/etc'
Using monoOptions --debugger-agent=transport=dt_socket,embedding=1,server=y,suspend=n,address=127.0.0.1:56940
Begin MonoManager ReloadAssembly
Registering precompiled unity dll's ...
Register platform support module: D:/Program Files (x86)/Unity/Hub/Editor/2021.3.4f1/Editor/Data/PlaybackEngines/AndroidPlayer/UnityEditor.Android.Extensions.dll
Register platform support module: D:/Program Files (x86)/Unity/Hub/Editor/2021.3.4f1/Editor/Data/PlaybackEngines/iOSSupport/UnityEditor.iOS.Extensions.dll
Register platform support module: D:/Program Files (x86)/Unity/Hub/Editor/2021.3.4f1/Editor/Data/PlaybackEngines/WindowsStandaloneSupport/UnityEditor.WindowsStandalone.Extensions.dll
Register platform support module: D:/Program Files (x86)/Unity/Hub/Editor/2021.3.4f1/Editor/Data/PlaybackEngines/MetroSupport/UnityEditor.UWP.Extensions.dll
Registered in 0.005163 seconds.
Native extension for UWP target not found
Native extension for WindowsStandalone target not found
[usbmuxd] Start listen thread
[usbmuxd] Listen thread started
Native extension for iOS target not found
Native extension for Android target not found
Refreshing native plugins compatible for Editor in 96.07 ms, found 4 plugins.
Preloading 0 native plugins for Editor in 0.00 ms.
Mono: successfully reloaded assembly
- Completed reload, in  0.664 seconds
Domain Reload Profiling:
	ReloadAssembly (665ms)
		BeginReloadAssembly (93ms)
			ExecutionOrderSort (0ms)
			DisableScriptedObjects (0ms)
			BackupInstance (0ms)
			ReleaseScriptingObjects (0ms)
			CreateAndSetChildDomain (1ms)
		EndReloadAssembly (474ms)
			LoadAssemblies (94ms)
			RebuildTransferFunctionScriptingTraits (0ms)
			SetupTypeCache (111ms)
			ReleaseScriptCaches (0ms)
			RebuildScriptCaches (27ms)
			SetupLoadedEditorAssemblies (291ms)
				LogAssemblyErrors (0ms)
				InitializePlatformSupportModulesInManaged (62ms)
				SetLoadedEditorAssemblies (0ms)
				RefreshPlugins (96ms)
				BeforeProcessingInitializeOnLoad (1ms)
				ProcessInitializeOnLoadAttributes (90ms)
				ProcessInitializeOnLoadMethodAttributes (41ms)
				AfterProcessingInitializeOnLoad (0ms)
				EditorAssembliesLoaded (0ms)
			ExecutionOrderSort2 (0ms)
			AwakeInstancesAfterBackupRestoration (0ms)
Platform modules already initialized, skipping
Registering precompiled user dll's ...
Registered in 0.007757 seconds.
Begin MonoManager ReloadAssembly
Symbol file LoadedFromMemory doesn't match image D:\Koj\Programování\GitHub\Unity\BeFakers\BeFake dash\Library\PackageCache\com.unity.visualscripting@1.7.8\Editor\VisualScripting.Core\Dependencies\YamlDotNet\Unity.VisualScripting.YamlDotNet.dll
Symbol file LoadedFromMemory doesn't match image D:\Koj\Programování\GitHub\Unity\BeFakers\BeFake dash\Library\PackageCache\com.unity.visualscripting@1.7.8\Editor\VisualScripting.Core\Dependencies\DotNetZip\Unity.VisualScripting.IonicZip.dll
Native extension for UWP target not found
Native extension for WindowsStandalone target not found
Native extension for iOS target not found
Native extension for Android target not found
Refreshing native plugins compatible for Editor in 96.07 ms, found 4 plugins.
Preloading 0 native plugins for Editor in 0.00 ms.
Mono: successfully reloaded assembly
- Completed reload, in  1.282 seconds
Domain Reload Profiling:
	ReloadAssembly (1283ms)
		BeginReloadAssembly (250ms)
			ExecutionOrderSort (0ms)
			DisableScriptedObjects (7ms)
			BackupInstance (0ms)
			ReleaseScriptingObjects (0ms)
			CreateAndSetChildDomain (127ms)
		EndReloadAssembly (921ms)
			LoadAssemblies (126ms)
			RebuildTransferFunctionScriptingTraits (0ms)
			SetupTypeCache (247ms)
			ReleaseScriptCaches (1ms)
			RebuildScriptCaches (58ms)
			SetupLoadedEditorAssemblies (481ms)
				LogAssemblyErrors (0ms)
				InitializePlatformSupportModulesInManaged (21ms)
				SetLoadedEditorAssemblies (0ms)
				RefreshPlugins (96ms)
				BeforeProcessingInitializeOnLoad (94ms)
				ProcessInitializeOnLoadAttributes (226ms)
				ProcessInitializeOnLoadMethodAttributes (39ms)
				AfterProcessingInitializeOnLoad (3ms)
				EditorAssembliesLoaded (0ms)
			ExecutionOrderSort2 (0ms)
			AwakeInstancesAfterBackupRestoration (6ms)
Platform modules already initialized, skipping
========================================================================
Worker process is ready to serve import requests
Launched and connected shader compiler UnityShaderCompiler.exe after 0.08 seconds
Refreshing native plugins compatible for Editor in 0.73 ms, found 4 plugins.
Preloading 0 native plugins for Editor in 0.00 ms.
Unloading 4056 Unused Serialized files (Serialized files now loaded: 0)
Unloading 44 unused Assets / (222.3 KB). Loaded Objects now: 4507.
Memory consumption went from 150.9 MB to 150.6 MB.
Total: 3.564900 ms (FindLiveObjects: 0.294700 ms CreateObjectMapping: 0.227000 ms MarkObjects: 2.907100 ms  DeleteObjects: 0.135200 ms)

AssetImportParameters requested are different than current active one (requested -> active):
  custom:video-decoder-ogg-theora: a1e56fd34408186e4bbccfd4996cb3dc -> 
  custom:container-muxer-webm: aa71ff27fc2769a1b78a27578f13a17b -> 
  custom:container-demuxer-webm: 4f35f7cbe854078d1ac9338744f61a02 -> 
  custom:video-encoder-webm-vp8: eb34c28f22e8b96e1ab97ce403110664 -> 
  custom:audio-encoder-webm-vorbis: bf7c407c2cedff20999df2af8eb42d56 -> 
  custom:framework-win-MediaFoundation: 216162199b28c13a410421893ffa2e32 -> 
  custom:container-demuxer-ogg: 62fdf1f143b41e24485cea50d1cbac27 -> 
  custom:video-decoder-webm-vp8: 9c59270c3fd7afecdb556c50c9e8de78 -> 
  custom:audio-decoder-ogg-vorbis: bf7c407c2cedff20999df2af8eb42d56 -> 
========================================================================
Received Import Request.
  Time since last request: 1287956.659468 seconds.
  path: Assets/Grafika
  artifactKey: Guid(ef42e79aa11b33349b2f5f16db8c8ac6) Importer(815301076,1909f56bfc062723c751e8b465ee728b)
Start importing Assets/Grafika using Guid(ef42e79aa11b33349b2f5f16db8c8ac6) Importer(815301076,1909f56bfc062723c751e8b465ee728b)  -> (artifact id: 'aef39883d66e1821e4df60c5ac554b4d') in 0.006603 seconds 
========================================================================
Received Import Request.
  Time since last request: 204.892731 seconds.
  path: Assets/Grafika/Style 1
  artifactKey: Guid(a93efdedce5ee90478ef5f96be132a2e) Importer(815301076,1909f56bfc062723c751e8b465ee728b)
Start importing Assets/Grafika/Style 1 using Guid(a93efdedce5ee90478ef5f96be132a2e) Importer(815301076,1909f56bfc062723c751e8b465ee728b)  -> (artifact id: '9a4508aeec1b4e8618d017ba7ad55bcc') in 0.001480 seconds 
========================================================================
Received Import Request.
  Time since last request: 2.780103 seconds.
  path: Assets/Grafika/Style 1/Background
  artifactKey: Guid(1b1c42b38742e414ca87b8d126dddc3b) Importer(815301076,1909f56bfc062723c751e8b465ee728b)
Start importing Assets/Grafika/Style 1/Background using Guid(1b1c42b38742e414ca87b8d126dddc3b) Importer(815301076,1909f56bfc062723c751e8b465ee728b)  -> (artifact id: '5398cbc67a86941ea99a039fb3191978') in 0.001444 seconds 
========================================================================
Received Import Request.
  Time since last request: 1.680901 seconds.
  path: Assets/Grafika/Style 1/Blocks
  artifactKey: Guid(2a34085caa992fc4a9578b39bd815728) Importer(815301076,1909f56bfc062723c751e8b465ee728b)
Start importing Assets/Grafika/Style 1/Blocks using Guid(2a34085caa992fc4a9578b39bd815728) Importer(815301076,1909f56bfc062723c751e8b465ee728b)  -> (artifact id: 'af64444ef448c0b6d516fdf79168e444') in 0.001395 seconds 
========================================================================
Received Import Request.
  Time since last request: 0.101642 seconds.
  path: Assets/Grafika/Style 1/Blocks/Tile_01.png
  artifactKey: Guid(272717edaa36a1a49a3a4d05c0b5db59) Importer(815301076,1909f56bfc062723c751e8b465ee728b)
Start importing Assets/Grafika/Style 1/Blocks/Tile_01.png using Guid(272717edaa36a1a49a3a4d05c0b5db59) Importer(815301076,1909f56bfc062723c751e8b465ee728b)  -> (artifact id: 'cc32b9bcd0150dd5b74fb97489ec1a90') in 0.170606 seconds 
========================================================================
Received Import Request.
  Time since last request: 0.000023 seconds.
  path: Assets/Grafika/Style 1/Blocks/Tile_10.png
  artifactKey: Guid(ce06f502d2b9ba4479998c71ccffa321) Importer(815301076,1909f56bfc062723c751e8b465ee728b)
Start importing Assets/Grafika/Style 1/Blocks/Tile_10.png using Guid(ce06f502d2b9ba4479998c71ccffa321) Importer(815301076,1909f56bfc062723c751e8b465ee728b)  -> (artifact id: 'ec0b0a7596db7ec1fa2aaaa50a035dc7') in 0.019026 seconds 
========================================================================
Received Import Request.
  Time since last request: 0.000028 seconds.
  path: Assets/Grafika/Style 1/Blocks/Tile_18.png
  artifactKey: Guid(d97827ee2485e6842936e14db90eb29f) Importer(815301076,1909f56bfc062723c751e8b465ee728b)
Start importing Assets/Grafika/Style 1/Blocks/Tile_18.png using Guid(d97827ee2485e6842936e14db90eb29f) Importer(815301076,1909f56bfc062723c751e8b465ee728b)  -> (artifact id: 'c4006d1c5c72089ed289feee1273e12b') in 0.011413 seconds 
========================================================================
Received Import Request.
  Time since last request: 0.000016 seconds.
  path: Assets/Grafika/Style 1/Blocks/Tile_83.png
  artifactKey: Guid(d9b5ec05fa9834c4fbad67b56cbe7b1b) Importer(815301076,1909f56bfc062723c751e8b465ee728b)
Start importing Assets/Grafika/Style 1/Blocks/Tile_83.png using Guid(d9b5ec05fa9834c4fbad67b56cbe7b1b) Importer(815301076,1909f56bfc062723c751e8b465ee728b)  -> (artifact id: 'bd0323a66ae20d69897a92da14b2d63c') in 0.011806 seconds 
========================================================================
Received Import Request.
  Time since last request: 0.000023 seconds.
  path: Assets/Grafika/Style 1/Blocks/Tile_30.png
  artifactKey: Guid(94e40f6d73df50f45966c4531fb2fe3e) Importer(815301076,1909f56bfc062723c751e8b465ee728b)
Start importing Assets/Grafika/Style 1/Blocks/Tile_30.png using Guid(94e40f6d73df50f45966c4531fb2fe3e) Importer(815301076,1909f56bfc062723c751e8b465ee728b)  -> (artifact id: '163862ef7df696f6f84d5c4cd4f03178') in 0.012013 seconds 
========================================================================
Received Import Request.
  Time since last request: 0.000018 seconds.
  path: Assets/Grafika/Style 1/Blocks/Tile_27.png
  artifactKey: Guid(c9c79bf437bb7c34baa9ee664a577537) Importer(815301076,1909f56bfc062723c751e8b465ee728b)
Start importing Assets/Grafika/Style 1/Blocks/Tile_27.png using Guid(c9c79bf437bb7c34baa9ee664a577537) Importer(815301076,1909f56bfc062723c751e8b465ee728b)  -> (artifact id: '792e20f842109d9d91101d6ec39553b7') in 0.010729 seconds 
========================================================================
Received Import Request.
  Time since last request: 0.000029 seconds.
  path: Assets/Grafika/Style 1/Blocks/Tile_90.png
  artifactKey: Guid(e0f5520fdd87fc94b81002377dac4ef8) Importer(815301076,1909f56bfc062723c751e8b465ee728b)
Start importing Assets/Grafika/Style 1/Blocks/Tile_90.png using Guid(e0f5520fdd87fc94b81002377dac4ef8) Importer(815301076,1909f56bfc062723c751e8b465ee728b)  -> (artifact id: '9a6a501fba34f3466c0c8bfa1989a83e') in 0.011490 seconds 
========================================================================
Received Import Request.
  Time since last request: 0.000027 seconds.
  path: Assets/Grafika/Style 1/Blocks/Tile_64.png
  artifactKey: Guid(dd425b85f0afc9c46ba02b1b76b0215b) Importer(815301076,1909f56bfc062723c751e8b465ee728b)
Start importing Assets/Grafika/Style 1/Blocks/Tile_64.png using Guid(dd425b85f0afc9c46ba02b1b76b0215b) Importer(815301076,1909f56bfc062723c751e8b465ee728b)  -> (artifact id: '11271c2deef388334cf580b931ce42f2') in 0.015517 seconds 
========================================================================
Received Import Request.
  Time since last request: 0.000032 seconds.
  path: Assets/Grafika/Style 1/Blocks/Tile_29.png
  artifactKey: Guid(d809d73bb00f9b6478b4329fb3d7b9e8) Importer(815301076,1909f56bfc062723c751e8b465ee728b)
Start importing Assets/Grafika/Style 1/Blocks/Tile_29.png using Guid(d809d73bb00f9b6478b4329fb3d7b9e8) Importer(815301076,1909f56bfc062723c751e8b465ee728b)  -> (artifact id: 'ea60024fd91f854bd1d798b7a408273b') in 0.012027 seconds 
========================================================================
Received Import Request.
  Time since last request: 0.000027 seconds.
  path: Assets/Grafika/Style 1/Blocks/Tile_70.png
  artifactKey: Guid(0b6341ab00644c54fa56033d0bd7ee58) Importer(815301076,1909f56bfc062723c751e8b465ee728b)
Start importing Assets/Grafika/Style 1/Blocks/Tile_70.png using Guid(0b6341ab00644c54fa56033d0bd7ee58) Importer(815301076,1909f56bfc062723c751e8b465ee728b)  -> (artifact id: '000af3bc08f3c7eac60f2fc373107558') in 0.016309 seconds 
========================================================================
Received Import Request.
  Time since last request: 0.000021 seconds.
  path: Assets/Grafika/Style 1/Blocks/Tile_84.png
  artifactKey: Guid(db79fea725ab4e1418a6d201c4167a81) Importer(815301076,1909f56bfc062723c751e8b465ee728b)
Start importing Assets/Grafika/Style 1/Blocks/Tile_84.png using Guid(db79fea725ab4e1418a6d201c4167a81) Importer(815301076,1909f56bfc062723c751e8b465ee728b)  -> (artifact id: 'ddf77d265d9d8f5eef0a6c057605bd6b') in 0.009285 seconds 
========================================================================
Received Import Request.
  Time since last request: 0.000019 seconds.
  path: Assets/Grafika/Style 1/Blocks/Tile_75.png
  artifactKey: Guid(3fe7585c676ff50428bdb4e7d1143c94) Importer(815301076,1909f56bfc062723c751e8b465ee728b)
Start importing Assets/Grafika/Style 1/Blocks/Tile_75.png using Guid(3fe7585c676ff50428bdb4e7d1143c94) Importer(815301076,1909f56bfc062723c751e8b465ee728b)  -> (artifact id: 'f20780035913cbbb329e8c693c4372e6') in 0.008722 seconds 
========================================================================
Received Import Request.
  Time since last request: 0.000017 seconds.
  path: Assets/Grafika/Style 1/Blocks/Tile_36.png
  artifactKey: Guid(5e774d3aec7699d43af7e826be6abad3) Importer(815301076,1909f56bfc062723c751e8b465ee728b)
Start importing Assets/Grafika/Style 1/Blocks/Tile_36.png using Guid(5e774d3aec7699d43af7e826be6abad3) Importer(815301076,1909f56bfc062723c751e8b465ee728b)  -> (artifact id: '7c11d3e3206f9539297de761eadbf047') in 0.009789 seconds 
========================================================================
Received Import Request.
  Time since last request: 0.000022 seconds.
  path: Assets/Grafika/Style 1/Blocks/Tile_71.png
  artifactKey: Guid(e787985b44001ce4abd040fea480f1cc) Importer(815301076,1909f56bfc062723c751e8b465ee728b)
Start importing Assets/Grafika/Style 1/Blocks/Tile_71.png using Guid(e787985b44001ce4abd040fea480f1cc) Importer(815301076,1909f56bfc062723c751e8b465ee728b)  -> (artifact id: '8bddad216f992b36e0ae14212767e794') in 0.010320 seconds 
========================================================================
Received Import Request.
  Time since last request: 0.000025 seconds.
  path: Assets/Grafika/Style 1/Blocks/Tile_81.png
  artifactKey: Guid(89f6f14c5c5a64440b217812b27b26d6) Importer(815301076,1909f56bfc062723c751e8b465ee728b)
Start importing Assets/Grafika/Style 1/Blocks/Tile_81.png using Guid(89f6f14c5c5a64440b217812b27b26d6) Importer(815301076,1909f56bfc062723c751e8b465ee728b)  -> (artifact id: '6196f95dfe86b3b428a8e74c96e60318') in 0.011681 seconds 
========================================================================
Received Import Request.
  Time since last request: 0.000031 seconds.
  path: Assets/Grafika/Style 1/Blocks/Tile_17.png
  artifactKey: Guid(1a0cbfc5c3ee15040a3c051cb5958432) Importer(815301076,1909f56bfc062723c751e8b465ee728b)
Start importing Assets/Grafika/Style 1/Blocks/Tile_17.png using Guid(1a0cbfc5c3ee15040a3c051cb5958432) Importer(815301076,1909f56bfc062723c751e8b465ee728b)  -> (artifact id: '8f4f6e7a6631aceb1108d79e182ca971') in 0.010066 seconds 
========================================================================
Received Import Request.
  Time since last request: 0.000018 seconds.
  path: Assets/Grafika/Style 1/Blocks/Tile_48.png
  artifactKey: Guid(2c922071fb89fd642a5cb5b811cb90eb) Importer(815301076,1909f56bfc062723c751e8b465ee728b)
Start importing Assets/Grafika/Style 1/Blocks/Tile_48.png using Guid(2c922071fb89fd642a5cb5b811cb90eb) Importer(815301076,1909f56bfc062723c751e8b465ee728b)  -> (artifact id: '99c63f4793e9cd03fd2bff48628aae0f') in 0.009547 seconds 
========================================================================
Received Import Request.
  Time since last request: 0.000019 seconds.
  path: Assets/Grafika/Style 1/Blocks/Tile_51.png
  artifactKey: Guid(72e7d77ad196737429c1c5b9fcc0fc5d) Importer(815301076,1909f56bfc062723c751e8b465ee728b)
Start importing Assets/Grafika/Style 1/Blocks/Tile_51.png using Guid(72e7d77ad196737429c1c5b9fcc0fc5d) Importer(815301076,1909f56bfc062723c751e8b465ee728b)  -> (artifact id: 'a1e21a8e990084a6b166d7b42aea1a7d') in 0.009589 seconds 
========================================================================
Received Import Request.
  Time since last request: 0.000020 seconds.
  path: Assets/Grafika/Style 1/Blocks/Tile_79.png
  artifactKey: Guid(8aa1819328c92504db0db564d6c9484d) Importer(815301076,1909f56bfc062723c751e8b465ee728b)
Start importing Assets/Grafika/Style 1/Blocks/Tile_79.png using Guid(8aa1819328c92504db0db564d6c9484d) Importer(815301076,1909f56bfc062723c751e8b465ee728b)  -> (artifact id: '47a6de7817cdbf0ffcc9efcfe006e429') in 0.009388 seconds 
========================================================================
Received Import Request.
  Time since last request: 0.000033 seconds.
  path: Assets/Grafika/Style 1/Blocks/Tile_46.png
  artifactKey: Guid(fe9baee51dfcf354da1dca8b275a7be3) Importer(815301076,1909f56bfc062723c751e8b465ee728b)
Start importing Assets/Grafika/Style 1/Blocks/Tile_46.png using Guid(fe9baee51dfcf354da1dca8b275a7be3) Importer(815301076,1909f56bfc062723c751e8b465ee728b)  -> (artifact id: '3fb9dfc855b22be72550f86274396ed4') in 0.012261 seconds 
========================================================================
Received Import Request.
  Time since last request: 0.000019 seconds.
  path: Assets/Grafika/Style 1/Blocks/Tile_06.png
  artifactKey: Guid(fdcc43a8351c73f42a67facfca168f57) Importer(815301076,1909f56bfc062723c751e8b465ee728b)
Start importing Assets/Grafika/Style 1/Blocks/Tile_06.png using Guid(fdcc43a8351c73f42a67facfca168f57) Importer(815301076,1909f56bfc062723c751e8b465ee728b)  -> (artifact id: 'abfaa3b9ebaf34e46e407247fe5e8ece') in 0.009849 seconds 
========================================================================
Received Import Request.
  Time since last request: 0.000018 seconds.
  path: Assets/Grafika/Style 1/Blocks/Tile_28.png
  artifactKey: Guid(21e8ad6ee32ba034583b16dfbaffb1d7) Importer(815301076,1909f56bfc062723c751e8b465ee728b)
Start importing Assets/Grafika/Style 1/Blocks/Tile_28.png using Guid(21e8ad6ee32ba034583b16dfbaffb1d7) Importer(815301076,1909f56bfc062723c751e8b465ee728b)  -> (artifact id: '075ade5da87b53b735981a8a5063f6d2') in 0.009151 seconds 
========================================================================
Received Import Request.
  Time since last request: 0.000017 seconds.
  path: Assets/Grafika/Style 1/Blocks/Tile_33.png
  artifactKey: Guid(0b763a2c952c206429a6461367df23ee) Importer(815301076,1909f56bfc062723c751e8b465ee728b)
Start importing Assets/Grafika/Style 1/Blocks/Tile_33.png using Guid(0b763a2c952c206429a6461367df23ee) Importer(815301076,1909f56bfc062723c751e8b465ee728b)  -> (artifact id: 'ad8a5be50246d79b76b4451782b01f33') in 0.009167 seconds 
========================================================================
Received Import Request.
  Time since last request: 0.000022 seconds.
  path: Assets/Grafika/Style 1/Blocks/Tile_05.png
  artifactKey: Guid(30bd5a233baa27c4c892983ed59985b1) Importer(815301076,1909f56bfc062723c751e8b465ee728b)
Start importing Assets/Grafika/Style 1/Blocks/Tile_05.png using Guid(30bd5a233baa27c4c892983ed59985b1) Importer(815301076,1909f56bfc062723c751e8b465ee728b)  -> (artifact id: '861603b25294c7cbce8956dac2d2723b') in 0.009095 seconds 
========================================================================
Received Import Request.
  Time since last request: 0.000022 seconds.
  path: Assets/Grafika/Style 1/Blocks/Tile_52.png
  artifactKey: Guid(c24fff3b00c45db4e81f742a7d4ae521) Importer(815301076,1909f56bfc062723c751e8b465ee728b)
Start importing Assets/Grafika/Style 1/Blocks/Tile_52.png using Guid(c24fff3b00c45db4e81f742a7d4ae521) Importer(815301076,1909f56bfc062723c751e8b465ee728b)  -> (artifact id: 'd42b51dc37cb5bd2135698a31ae3b5c4') in 0.009620 seconds 
========================================================================
Received Import Request.
  Time since last request: 0.000029 seconds.
  path: Assets/Grafika/Style 1/Blocks/Tile_74.png
  artifactKey: Guid(55506cf834224194290f8402194a77c0) Importer(815301076,1909f56bfc062723c751e8b465ee728b)
Start importing Assets/Grafika/Style 1/Blocks/Tile_74.png using Guid(55506cf834224194290f8402194a77c0) Importer(815301076,1909f56bfc062723c751e8b465ee728b)  -> (artifact id: '7709f101e6ee765bedc975dd8dc7187f') in 0.010614 seconds 
========================================================================
Received Import Request.
  Time since last request: 0.000022 seconds.
  path: Assets/Grafika/Style 1/Blocks/Tile_21.png
  artifactKey: Guid(44fca8db62da6df4caaa2d6dd5c3dcd1) Importer(815301076,1909f56bfc062723c751e8b465ee728b)
Start importing Assets/Grafika/Style 1/Blocks/Tile_21.png using Guid(44fca8db62da6df4caaa2d6dd5c3dcd1) Importer(815301076,1909f56bfc062723c751e8b465ee728b)  -> (artifact id: 'a1e35cf955e532545c112b2e207abd62') in 0.011583 seconds 
========================================================================
Received Import Request.
  Time since last request: 0.000023 seconds.
  path: Assets/Grafika/Style 1/Blocks/Tile_58.png
  artifactKey: Guid(812f3851c0fa83a4094be9ddea8d1740) Importer(815301076,1909f56bfc062723c751e8b465ee728b)
Start importing Assets/Grafika/Style 1/Blocks/Tile_58.png using Guid(812f3851c0fa83a4094be9ddea8d1740) Importer(815301076,1909f56bfc062723c751e8b465ee728b)  -> (artifact id: '54b5430d6265e0ef3f9c71d0e70cee50') in 0.010855 seconds 
========================================================================
Received Import Request.
  Time since last request: 0.000034 seconds.
  path: Assets/Grafika/Style 1/Blocks/Tile_68.png
  artifactKey: Guid(7d7a68f3f9f1d074b880a3994890148d) Importer(815301076,1909f56bfc062723c751e8b465ee728b)
Start importing Assets/Grafika/Style 1/Blocks/Tile_68.png using Guid(7d7a68f3f9f1d074b880a3994890148d) Importer(815301076,1909f56bfc062723c751e8b465ee728b)  -> (artifact id: 'd05b1f8cd77c8113aadb286cce8ed56f') in 0.009624 seconds 
========================================================================
Received Import Request.
  Time since last request: 0.000021 seconds.
  path: Assets/Grafika/Style 1/Blocks/Tile_38.png
  artifactKey: Guid(887d2d40401430f4aa5a56a4b90b57dc) Importer(815301076,1909f56bfc062723c751e8b465ee728b)
Start importing Assets/Grafika/Style 1/Blocks/Tile_38.png using Guid(887d2d40401430f4aa5a56a4b90b57dc) Importer(815301076,1909f56bfc062723c751e8b465ee728b)  -> (artifact id: 'cf6c326a83bacffdb827e70dd3acc60f') in 0.009796 seconds 
========================================================================
Received Import Request.
  Time since last request: 0.000019 seconds.
  path: Assets/Grafika/Style 1/Blocks/Tile_35.png
  artifactKey: Guid(07a2ff3d8f0160045b3fe8c38151090a) Importer(815301076,1909f56bfc062723c751e8b465ee728b)
Start importing Assets/Grafika/Style 1/Blocks/Tile_35.png using Guid(07a2ff3d8f0160045b3fe8c38151090a) Importer(815301076,1909f56bfc062723c751e8b465ee728b)  -> (artifact id: '772f28f8d039209327ec5c98c26855af') in 0.010311 seconds 
========================================================================
Received Import Request.
  Time since last request: 0.000021 seconds.
  path: Assets/Grafika/Style 1/Blocks/Tile_78.png
  artifactKey: Guid(c6ff7a959f0eea940b14e7f423b48b8f) Importer(815301076,1909f56bfc062723c751e8b465ee728b)
Start importing Assets/Grafika/Style 1/Blocks/Tile_78.png using Guid(c6ff7a959f0eea940b14e7f423b48b8f) Importer(815301076,1909f56bfc062723c751e8b465ee728b)  -> (artifact id: '762254824c23c262d1e7722752878d56') in 0.009168 seconds 
========================================================================
Received Import Request.
  Time since last request: 0.000019 seconds.
  path: Assets/Grafika/Style 1/Blocks/Tile_62.png
  artifactKey: Guid(7cace56155a00094ca1e0a98ef54ffd2) Importer(815301076,1909f56bfc062723c751e8b465ee728b)
Start importing Assets/Grafika/Style 1/Blocks/Tile_62.png using Guid(7cace56155a00094ca1e0a98ef54ffd2) Importer(815301076,1909f56bfc062723c751e8b465ee728b)  -> (artifact id: '4fc2fbdf3b1ca2f96e6371b1458f3fea') in 0.035591 seconds 
========================================================================
Received Import Request.
  Time since last request: 0.000025 seconds.
  path: Assets/Grafika/Style 1/Blocks/Tile_44.png
  artifactKey: Guid(fd2f8549e17b1dd4cb5f2424c2a1a652) Importer(815301076,1909f56bfc062723c751e8b465ee728b)
Start importing Assets/Grafika/Style 1/Blocks/Tile_44.png using Guid(fd2f8549e17b1dd4cb5f2424c2a1a652) Importer(815301076,1909f56bfc062723c751e8b465ee728b)  -> (artifact id: 'a253f78b4b4903ea496887302d4445ea') in 0.009564 seconds 
========================================================================
Received Import Request.
  Time since last request: 0.000019 seconds.
  path: Assets/Grafika/Style 1/Blocks/Tile_55.png
  artifactKey: Guid(729155b40c2433848bca935c196c13d8) Importer(815301076,1909f56bfc062723c751e8b465ee728b)
Start importing Assets/Grafika/Style 1/Blocks/Tile_55.png using Guid(729155b40c2433848bca935c196c13d8) Importer(815301076,1909f56bfc062723c751e8b465ee728b)  -> (artifact id: '215e61093db37d95a0f68b12ed758730') in 0.009277 seconds 
========================================================================
Received Import Request.
  Time since last request: 0.000024 seconds.
  path: Assets/Grafika/Style 1/Blocks/Tile_41.png
  artifactKey: Guid(6b03346a0dd9c6d48b064b987e87b480) Importer(815301076,1909f56bfc062723c751e8b465ee728b)
Start importing Assets/Grafika/Style 1/Blocks/Tile_41.png using Guid(6b03346a0dd9c6d48b064b987e87b480) Importer(815301076,1909f56bfc062723c751e8b465ee728b)  -> (artifact id: '92771374077769a57848aa3637775205') in 0.017771 seconds 
========================================================================
Received Import Request.
  Time since last request: 0.000020 seconds.
  path: Assets/Grafika/Style 1/Blocks/Tile_16.png
  artifactKey: Guid(f4ca8a23d402f1b44a17578e9e3d6ed3) Importer(815301076,1909f56bfc062723c751e8b465ee728b)
Start importing Assets/Grafika/Style 1/Blocks/Tile_16.png using Guid(f4ca8a23d402f1b44a17578e9e3d6ed3) Importer(815301076,1909f56bfc062723c751e8b465ee728b)  -> (artifact id: 'eca846766695266232dcd80c997bdcba') in 0.011076 seconds 
========================================================================
Received Import Request.
  Time since last request: 0.000028 seconds.
  path: Assets/Grafika/Style 1/Blocks/Tile_25.png
  artifactKey: Guid(75815b056c43f9743afb54b500839d5f) Importer(815301076,1909f56bfc062723c751e8b465ee728b)
Start importing Assets/Grafika/Style 1/Blocks/Tile_25.png using Guid(75815b056c43f9743afb54b500839d5f) Importer(815301076,1909f56bfc062723c751e8b465ee728b)  -> (artifact id: '15d5990ca064334a32a5b014ffc1b7a0') in 0.009621 seconds 
========================================================================
Received Import Request.
  Time since last request: 0.000017 seconds.
  path: Assets/Grafika/Style 1/Blocks/Tile_07.png
  artifactKey: Guid(2a743ddbf88a70f4292a3c3a905fc784) Importer(815301076,1909f56bfc062723c751e8b465ee728b)
Start importing Assets/Grafika/Style 1/Blocks/Tile_07.png using Guid(2a743ddbf88a70f4292a3c3a905fc784) Importer(815301076,1909f56bfc062723c751e8b465ee728b)  -> (artifact id: '9be6f61c2db8f806d09f665b364cf4bf') in 0.009971 seconds 
========================================================================
Received Import Request.
  Time since last request: 0.000023 seconds.
  path: Assets/Grafika/Style 1/Blocks/Tile_37.png
  artifactKey: Guid(a6edec1bc1bc6e04f8e9e1bb56b27714) Importer(815301076,1909f56bfc062723c751e8b465ee728b)
Start importing Assets/Grafika/Style 1/Blocks/Tile_37.png using Guid(a6edec1bc1bc6e04f8e9e1bb56b27714) Importer(815301076,1909f56bfc062723c751e8b465ee728b)  -> (artifact id: '26e9afa35b6f66422452d3a84b8962ff') in 0.011348 seconds 
========================================================================
Received Import Request.
  Time since last request: 0.000024 seconds.
  path: Assets/Grafika/Style 1/Blocks/Tile_32.png
  artifactKey: Guid(d79fbea3c64f8744ca8f2a87eab78651) Importer(815301076,1909f56bfc062723c751e8b465ee728b)
Start importing Assets/Grafika/Style 1/Blocks/Tile_32.png using Guid(d79fbea3c64f8744ca8f2a87eab78651) Importer(815301076,1909f56bfc062723c751e8b465ee728b)  -> (artifact id: '01beb68c58a59a586ba81f1c96bfc131') in 0.009933 seconds 
========================================================================
Received Import Request.
  Time since last request: 0.000019 seconds.
  path: Assets/Grafika/Style 1/Blocks/Tile_20.png
  artifactKey: Guid(f190327cd8dfba0459fee8172f46fefd) Importer(815301076,1909f56bfc062723c751e8b465ee728b)
Start importing Assets/Grafika/Style 1/Blocks/Tile_20.png using Guid(f190327cd8dfba0459fee8172f46fefd) Importer(815301076,1909f56bfc062723c751e8b465ee728b)  -> (artifact id: 'cff6d9639a406f91fe66ae0ba5cc5370') in 0.010613 seconds 
========================================================================
Received Import Request.
  Time since last request: 0.000020 seconds.
  path: Assets/Grafika/Style 1/Blocks/Tile_87.png
  artifactKey: Guid(a2d2036dd36001e4f8e612ba44601380) Importer(815301076,1909f56bfc062723c751e8b465ee728b)
Start importing Assets/Grafika/Style 1/Blocks/Tile_87.png using Guid(a2d2036dd36001e4f8e612ba44601380) Importer(815301076,1909f56bfc062723c751e8b465ee728b)  -> (artifact id: '5ebd588921bdf7029a6c93dd4da34b02') in 0.009160 seconds 
========================================================================
Received Import Request.
  Time since last request: 0.000018 seconds.
  path: Assets/Grafika/Style 1/Blocks/Tile_47.png
  artifactKey: Guid(c92adfff308140f4591f57194c99aa05) Importer(815301076,1909f56bfc062723c751e8b465ee728b)
Start importing Assets/Grafika/Style 1/Blocks/Tile_47.png using Guid(c92adfff308140f4591f57194c99aa05) Importer(815301076,1909f56bfc062723c751e8b465ee728b)  -> (artifact id: '4b3ac5e041523afcc0419b292a7bfe94') in 0.010945 seconds 
========================================================================
Received Import Request.
  Time since last request: 0.000021 seconds.
  path: Assets/Grafika/Style 1/Blocks/Tile_43.png
  artifactKey: Guid(993a6047e7df0c94eb924e72c3456f24) Importer(815301076,1909f56bfc062723c751e8b465ee728b)
Start importing Assets/Grafika/Style 1/Blocks/Tile_43.png using Guid(993a6047e7df0c94eb924e72c3456f24) Importer(815301076,1909f56bfc062723c751e8b465ee728b)  -> (artifact id: '8ce00ead23a265fbd534aa03c33c35aa') in 0.010852 seconds 
========================================================================
Received Import Request.
  Time since last request: 0.000028 seconds.
  path: Assets/Grafika/Style 1/Blocks/Tile_86.png
  artifactKey: Guid(04704927a6a126843a8e86daf90da11f) Importer(815301076,1909f56bfc062723c751e8b465ee728b)
Start importing Assets/Grafika/Style 1/Blocks/Tile_86.png using Guid(04704927a6a126843a8e86daf90da11f) Importer(815301076,1909f56bfc062723c751e8b465ee728b)  -> (artifact id: '500c48576a0886a1ba4fff6a44d605f1') in 0.008691 seconds 
========================================================================
Received Import Request.
  Time since last request: 0.688081 seconds.
  path: Assets/Grafika/Style 1/Blocks/Tile_91.png
  artifactKey: Guid(e61d243d877ea14489b7bf395b776b19) Importer(815301076,1909f56bfc062723c751e8b465ee728b)
Start importing Assets/Grafika/Style 1/Blocks/Tile_91.png using Guid(e61d243d877ea14489b7bf395b776b19) Importer(815301076,1909f56bfc062723c751e8b465ee728b)  -> (artifact id: 'b2e50bc8fc0bf94b095ef1cd2e0262fd') in 0.009737 seconds 
========================================================================
Received Import Request.
  Time since last request: 0.000022 seconds.
  path: Assets/Grafika/Style 1/Blocks/Tile_96.png
  artifactKey: Guid(15a365d15c4d1174984ebc2f995481c0) Importer(815301076,1909f56bfc062723c751e8b465ee728b)
Start importing Assets/Grafika/Style 1/Blocks/Tile_96.png using Guid(15a365d15c4d1174984ebc2f995481c0) Importer(815301076,1909f56bfc062723c751e8b465ee728b)  -> (artifact id: 'a9585d9d63573c05c1dbcf14b36474cb') in 0.010265 seconds 
========================================================================
Received Import Request.
  Time since last request: 0.000020 seconds.
  path: Assets/Grafika/Style 1/Blocks/Tile_93.png
  artifactKey: Guid(a3d6255fe53088e4ca522797c886e548) Importer(815301076,1909f56bfc062723c751e8b465ee728b)
Start importing Assets/Grafika/Style 1/Blocks/Tile_93.png using Guid(a3d6255fe53088e4ca522797c886e548) Importer(815301076,1909f56bfc062723c751e8b465ee728b)  -> (artifact id: '69048ca9db8be49b3d30bee339ac8b6a') in 0.011641 seconds 
========================================================================
Received Import Request.
  Time since last request: 317.192544 seconds.
  path: Assets/Tilemaps/Terrain (16x16)_0.asset
  artifactKey: Guid(fdd82ea253d16ca42a28adced19abf97) Importer(815301076,1909f56bfc062723c751e8b465ee728b)
Start importing Assets/Tilemaps/Terrain (16x16)_0.asset using Guid(fdd82ea253d16ca42a28adced19abf97) Importer(815301076,1909f56bfc062723c751e8b465ee728b)  -> (artifact id: '1881418b33d53badc8c857760c3b42a3') in 0.068841 seconds 
========================================================================
Received Import Request.
  Time since last request: 0.000023 seconds.
  path: Assets/Tilemaps/Terrain (16x16)_1.asset
  artifactKey: Guid(7d3e25f1337aa8141b52fe8a0f9d9b4d) Importer(815301076,1909f56bfc062723c751e8b465ee728b)
Start importing Assets/Tilemaps/Terrain (16x16)_1.asset using Guid(7d3e25f1337aa8141b52fe8a0f9d9b4d) Importer(815301076,1909f56bfc062723c751e8b465ee728b)  -> (artifact id: 'ce6a1a1c839f0de9b331f35e11b0005b') in 0.034874 seconds 
========================================================================
Received Import Request.
  Time since last request: 0.000021 seconds.
  path: Assets/Tilemaps/Terrain (16x16)_17.asset
  artifactKey: Guid(2434ce886e5842a44af16daff4094327) Importer(815301076,1909f56bfc062723c751e8b465ee728b)
Start importing Assets/Tilemaps/Terrain (16x16)_17.asset using Guid(2434ce886e5842a44af16daff4094327) Importer(815301076,1909f56bfc062723c751e8b465ee728b)  -> (artifact id: '9aa511d3bd653abebc156858086abf4b') in 0.005970 seconds 
========================================================================
Received Import Request.
  Time since last request: 0.000023 seconds.
  path: Assets/Tilemaps/Terrain (16x16)_56.asset
  artifactKey: Guid(1543fef3d168a474c824c33c21ab535f) Importer(815301076,1909f56bfc062723c751e8b465ee728b)
Start importing Assets/Tilemaps/Terrain (16x16)_56.asset using Guid(1543fef3d168a474c824c33c21ab535f) Importer(815301076,1909f56bfc062723c751e8b465ee728b)  -> (artifact id: '1895e01f90169d9abb534b9367772c67') in 0.028627 seconds 
========================================================================
Received Import Request.
  Time since last request: 0.000023 seconds.
  path: Assets/Tilemaps/Terrain (16x16)_61.asset
  artifactKey: Guid(6151f3ed77b68564db8236f9f0d928f5) Importer(815301076,1909f56bfc062723c751e8b465ee728b)
Start importing Assets/Tilemaps/Terrain (16x16)_61.asset using Guid(6151f3ed77b68564db8236f9f0d928f5) Importer(815301076,1909f56bfc062723c751e8b465ee728b)  -> (artifact id: '791205835e7dfb5792c2f45303073200') in 0.006290 seconds 
========================================================================
Received Import Request.
  Time since last request: 0.000036 seconds.
  path: Assets/Tilemaps/Terrain (16x16)_74.asset
  artifactKey: Guid(49f3606e253b5094e9db5a4232b587d8) Importer(815301076,1909f56bfc062723c751e8b465ee728b)
Start importing Assets/Tilemaps/Terrain (16x16)_74.asset using Guid(49f3606e253b5094e9db5a4232b587d8) Importer(815301076,1909f56bfc062723c751e8b465ee728b)  -> (artifact id: 'bc3ddac34ce2f2c5f8f71870c483ab10') in 0.006414 seconds 
========================================================================
Received Import Request.
  Time since last request: 0.000021 seconds.
  path: Assets/Tilemaps/Terrain (16x16)_71.asset
  artifactKey: Guid(d415e79aa3b5aa643ab2779541dbca1f) Importer(815301076,1909f56bfc062723c751e8b465ee728b)
Start importing Assets/Tilemaps/Terrain (16x16)_71.asset using Guid(d415e79aa3b5aa643ab2779541dbca1f) Importer(815301076,1909f56bfc062723c751e8b465ee728b)  -> (artifact id: '070da1ee0f9d94f5517919880f048eb6') in 0.006261 seconds 
========================================================================
Received Import Request.
  Time since last request: 0.000022 seconds.
  path: Assets/Tilemaps/Terrain (16x16)_25.asset
  artifactKey: Guid(ff40950b7b331b940bed681db7a69792) Importer(815301076,1909f56bfc062723c751e8b465ee728b)
Start importing Assets/Tilemaps/Terrain (16x16)_25.asset using Guid(ff40950b7b331b940bed681db7a69792) Importer(815301076,1909f56bfc062723c751e8b465ee728b)  -> (artifact id: '03e016179b0baddef885ecfdffdde428') in 0.006101 seconds 
========================================================================
Received Import Request.
  Time since last request: 0.000022 seconds.
  path: Assets/Tilemaps/Terrain (16x16)_54.asset
  artifactKey: Guid(da78dd69899870442b178a723b67c695) Importer(815301076,1909f56bfc062723c751e8b465ee728b)
Start importing Assets/Tilemaps/Terrain (16x16)_54.asset using Guid(da78dd69899870442b178a723b67c695) Importer(815301076,1909f56bfc062723c751e8b465ee728b)  -> (artifact id: '497efb66f0b1458ac424c8224f9fbb69') in 0.008554 seconds 
========================================================================
Received Import Request.
  Time since last request: 0.000018 seconds.
  path: Assets/Tilemaps/Terrain (16x16)_49.asset
  artifactKey: Guid(daf0b3e6349f2264cbf5e17a7d6c5f18) Importer(815301076,1909f56bfc062723c751e8b465ee728b)
Start importing Assets/Tilemaps/Terrain (16x16)_49.asset using Guid(daf0b3e6349f2264cbf5e17a7d6c5f18) Importer(815301076,1909f56bfc062723c751e8b465ee728b)  -> (artifact id: 'ed69b63d950f1acf56a2db036e6be6b4') in 0.006681 seconds 
========================================================================
Received Import Request.
  Time since last request: 0.000022 seconds.
  path: Assets/Tilemaps/Terrain (16x16)_45.asset
  artifactKey: Guid(432e4918ea434b64d914338c5a75a59b) Importer(815301076,1909f56bfc062723c751e8b465ee728b)
Start importing Assets/Tilemaps/Terrain (16x16)_45.asset using Guid(432e4918ea434b64d914338c5a75a59b) Importer(815301076,1909f56bfc062723c751e8b465ee728b)  -> (artifact id: 'a46bfa7a0135625fcafeb345ba1afead') in 0.006759 seconds 
========================================================================
Received Import Request.
  Time since last request: 0.000021 seconds.
  path: Assets/Tilemaps/Terrain (16x16)_66.asset
  artifactKey: Guid(cecdd6569ffd4384a98c1e72542012b1) Importer(815301076,1909f56bfc062723c751e8b465ee728b)
Start importing Assets/Tilemaps/Terrain (16x16)_66.asset using Guid(cecdd6569ffd4384a98c1e72542012b1) Importer(815301076,1909f56bfc062723c751e8b465ee728b)  -> (artifact id: '76bd7b2837d7bfbec244428857fefdbc') in 0.006359 seconds 
========================================================================
Received Import Request.
  Time since last request: 0.000023 seconds.
  path: Assets/Tilemaps/Terrain (16x16)_14.asset
  artifactKey: Guid(810176eb9e09f034bb6f62c5483cbe25) Importer(815301076,1909f56bfc062723c751e8b465ee728b)
Start importing Assets/Tilemaps/Terrain (16x16)_14.asset using Guid(810176eb9e09f034bb6f62c5483cbe25) Importer(815301076,1909f56bfc062723c751e8b465ee728b)  -> (artifact id: '816f02fd4de10f039642c190f05910fa') in 0.006489 seconds 
========================================================================
Received Import Request.
  Time since last request: 0.000026 seconds.
  path: Assets/Tilemaps/Terrain (16x16)_62.asset
  artifactKey: Guid(acf966d0370c6d74aa4aca064e8369b6) Importer(815301076,1909f56bfc062723c751e8b465ee728b)
Start importing Assets/Tilemaps/Terrain (16x16)_62.asset using Guid(acf966d0370c6d74aa4aca064e8369b6) Importer(815301076,1909f56bfc062723c751e8b465ee728b)  -> (artifact id: 'fcd429dead8e9fdc6dcec2193c7f9758') in 0.006574 seconds 
========================================================================
Received Import Request.
  Time since last request: 0.000028 seconds.
  path: Assets/Tilemaps/Terrain (16x16)_2.asset
  artifactKey: Guid(d031b322161c60a4bb3bbdf9e85981e7) Importer(815301076,1909f56bfc062723c751e8b465ee728b)
Start importing Assets/Tilemaps/Terrain (16x16)_2.asset using Guid(d031b322161c60a4bb3bbdf9e85981e7) Importer(815301076,1909f56bfc062723c751e8b465ee728b)  -> (artifact id: 'c4fb3d581410dc437242693a4f43a10f') in 0.007509 seconds 
========================================================================
Received Import Request.
  Time since last request: 0.000027 seconds.
  path: Assets/Tilemaps/Terrain (16x16)_32.asset
  artifactKey: Guid(38e1df3ccaf91f04e8a8151949f4b87d) Importer(815301076,1909f56bfc062723c751e8b465ee728b)
Start importing Assets/Tilemaps/Terrain (16x16)_32.asset using Guid(38e1df3ccaf91f04e8a8151949f4b87d) Importer(815301076,1909f56bfc062723c751e8b465ee728b)  -> (artifact id: '80f8025398aa4b52cc226e6caad55c0d') in 0.007650 seconds 
========================================================================
Received Import Request.
  Time since last request: 0.000017 seconds.
  path: Assets/Tilemaps/Terrain (16x16)_11.asset
  artifactKey: Guid(2044a539b47a2ef439e09eddaca1627a) Importer(815301076,1909f56bfc062723c751e8b465ee728b)
Start importing Assets/Tilemaps/Terrain (16x16)_11.asset using Guid(2044a539b47a2ef439e09eddaca1627a) Importer(815301076,1909f56bfc062723c751e8b465ee728b)  -> (artifact id: '6747355529fabd2011d84ea32a27a41f') in 0.005774 seconds 
========================================================================
Received Import Request.
  Time since last request: 0.000024 seconds.
  path: Assets/Tilemaps/Terrain (16x16)_6.asset
  artifactKey: Guid(aeaf66a5c9d7f54448514cc70cf5983d) Importer(815301076,1909f56bfc062723c751e8b465ee728b)
Start importing Assets/Tilemaps/Terrain (16x16)_6.asset using Guid(aeaf66a5c9d7f54448514cc70cf5983d) Importer(815301076,1909f56bfc062723c751e8b465ee728b)  -> (artifact id: '54f6841d0d3a381043a43140044c1a83') in 0.005786 seconds 
========================================================================
Received Import Request.
  Time since last request: 0.000014 seconds.
  path: Assets/Tilemaps/Terrain (16x16)_20.asset
  artifactKey: Guid(adfd983d82219fc40a43a50446a235a5) Importer(815301076,1909f56bfc062723c751e8b465ee728b)
Start importing Assets/Tilemaps/Terrain (16x16)_20.asset using Guid(adfd983d82219fc40a43a50446a235a5) Importer(815301076,1909f56bfc062723c751e8b465ee728b)  -> (artifact id: 'b480083df50cf21da6b7c80c096f50d6') in 0.007119 seconds 
========================================================================
Received Import Request.
  Time since last request: 0.000024 seconds.
  path: Assets/Tilemaps/Terrain (16x16)_57.asset
  artifactKey: Guid(95dbfbc3a585c5e458a0e8fb50e0a670) Importer(815301076,1909f56bfc062723c751e8b465ee728b)
Start importing Assets/Tilemaps/Terrain (16x16)_57.asset using Guid(95dbfbc3a585c5e458a0e8fb50e0a670) Importer(815301076,1909f56bfc062723c751e8b465ee728b)  -> (artifact id: '89e7e6b6332555dd14b5926aa6e76bf1') in 0.006229 seconds 
========================================================================
Received Import Request.
  Time since last request: 0.000037 seconds.
  path: Assets/Tilemaps/Terrain (16x16)_67.asset
  artifactKey: Guid(6e7713a62ae4b7143bf1d4c6cca557ac) Importer(815301076,1909f56bfc062723c751e8b465ee728b)
Start importing Assets/Tilemaps/Terrain (16x16)_67.asset using Guid(6e7713a62ae4b7143bf1d4c6cca557ac) Importer(815301076,1909f56bfc062723c751e8b465ee728b)  -> (artifact id: '9f9b8c980f801a2f4217e240aa23a2fb') in 0.006075 seconds 
========================================================================
Received Import Request.
  Time since last request: 0.000023 seconds.
  path: Assets/Tilemaps/Terrain (16x16)_42.asset
  artifactKey: Guid(a1b319b6712b05946842b66afcbe512b) Importer(815301076,1909f56bfc062723c751e8b465ee728b)
Start importing Assets/Tilemaps/Terrain (16x16)_42.asset using Guid(a1b319b6712b05946842b66afcbe512b) Importer(815301076,1909f56bfc062723c751e8b465ee728b)  -> (artifact id: '762ce3fdcf321b438b79da683337f8ae') in 0.007127 seconds 
========================================================================
Received Import Request.
  Time since last request: 0.000019 seconds.
  path: Assets/Tilemaps/Terrain (16x16)_35.asset
  artifactKey: Guid(22c2fadf316e2834193329c3b9dc8652) Importer(815301076,1909f56bfc062723c751e8b465ee728b)
Start importing Assets/Tilemaps/Terrain (16x16)_35.asset using Guid(22c2fadf316e2834193329c3b9dc8652) Importer(815301076,1909f56bfc062723c751e8b465ee728b)  -> (artifact id: 'aeb39167b0d1caaba9f424e106f86460') in 0.008256 seconds 
========================================================================
Received Import Request.
  Time since last request: 0.000022 seconds.
  path: Assets/Tilemaps/Terrain (16x16)_4.asset
  artifactKey: Guid(27ae9ca85f7c9e04685d25cfa4339915) Importer(815301076,1909f56bfc062723c751e8b465ee728b)
Start importing Assets/Tilemaps/Terrain (16x16)_4.asset using Guid(27ae9ca85f7c9e04685d25cfa4339915) Importer(815301076,1909f56bfc062723c751e8b465ee728b)  -> (artifact id: 'fc560dbc19dfdf27dc15e3921f5acb2d') in 0.008897 seconds 
========================================================================
Received Import Request.
  Time since last request: 0.000019 seconds.
  path: Assets/Tilemaps/Terrain (16x16)_16.asset
  artifactKey: Guid(66629ec37c4f77846870d003cbcb21e9) Importer(815301076,1909f56bfc062723c751e8b465ee728b)
Start importing Assets/Tilemaps/Terrain (16x16)_16.asset using Guid(66629ec37c4f77846870d003cbcb21e9) Importer(815301076,1909f56bfc062723c751e8b465ee728b)  -> (artifact id: 'b3cface430dd0f567cf221a124929030') in 0.006937 seconds 
========================================================================
Received Import Request.
  Time since last request: 0.000017 seconds.
  path: Assets/Tilemaps/Terrain (16x16)_21.asset
  artifactKey: Guid(bab5245bc735ecd45b3f0bbc1fef4f63) Importer(815301076,1909f56bfc062723c751e8b465ee728b)
Start importing Assets/Tilemaps/Terrain (16x16)_21.asset using Guid(bab5245bc735ecd45b3f0bbc1fef4f63) Importer(815301076,1909f56bfc062723c751e8b465ee728b)  -> (artifact id: 'd905931f49d9dc2581538e41f83d5451') in 0.007560 seconds 
========================================================================
Received Import Request.
  Time since last request: 0.000023 seconds.
  path: Assets/Tilemaps/Terrain (16x16)_72.asset
  artifactKey: Guid(b65fbbc26048c854a9d99773c75c3e62) Importer(815301076,1909f56bfc062723c751e8b465ee728b)
Start importing Assets/Tilemaps/Terrain (16x16)_72.asset using Guid(b65fbbc26048c854a9d99773c75c3e62) Importer(815301076,1909f56bfc062723c751e8b465ee728b)  -> (artifact id: '4acd08fb955deead8267635f1b069afb') in 0.007591 seconds 
========================================================================
Received Import Request.
  Time since last request: 0.000018 seconds.
  path: Assets/Tilemaps/Terrain (16x16)_12.asset
  artifactKey: Guid(fd8c7cc9f42346a4b8d31f3a609013e3) Importer(815301076,1909f56bfc062723c751e8b465ee728b)
Start importing Assets/Tilemaps/Terrain (16x16)_12.asset using Guid(fd8c7cc9f42346a4b8d31f3a609013e3) Importer(815301076,1909f56bfc062723c751e8b465ee728b)  -> (artifact id: '46b2bc7ff6119790ce222b65c886619b') in 0.006992 seconds 
========================================================================
Received Import Request.
  Time since last request: 0.000016 seconds.
  path: Assets/Tilemaps/Terrain (16x16)_50.asset
  artifactKey: Guid(5efc9be50cba1ff4991e6629c2ea3c68) Importer(815301076,1909f56bfc062723c751e8b465ee728b)
Start importing Assets/Tilemaps/Terrain (16x16)_50.asset using Guid(5efc9be50cba1ff4991e6629c2ea3c68) Importer(815301076,1909f56bfc062723c751e8b465ee728b)  -> (artifact id: 'b8a17a5834a44fbd80a75b1a8954e886') in 0.007598 seconds 
========================================================================
Received Import Request.
  Time since last request: 0.000021 seconds.
  path: Assets/Tilemaps/Terrain (16x16)_46.asset
  artifactKey: Guid(9de1308f9b484c543bbb8948cd85c6a7) Importer(815301076,1909f56bfc062723c751e8b465ee728b)
Start importing Assets/Tilemaps/Terrain (16x16)_46.asset using Guid(9de1308f9b484c543bbb8948cd85c6a7) Importer(815301076,1909f56bfc062723c751e8b465ee728b)  -> (artifact id: '52ffc74195378817f1feff4168a52805') in 0.006240 seconds 
========================================================================
Received Import Request.
  Time since last request: 0.000020 seconds.
  path: Assets/Tilemaps/Terrain (16x16)_76.asset
  artifactKey: Guid(ffd33b779f9ccc545a0399a284ed9f79) Importer(815301076,1909f56bfc062723c751e8b465ee728b)
Start importing Assets/Tilemaps/Terrain (16x16)_76.asset using Guid(ffd33b779f9ccc545a0399a284ed9f79) Importer(815301076,1909f56bfc062723c751e8b465ee728b)  -> (artifact id: 'f1a938b9c98bd06dea05e78e54f83129') in 0.006957 seconds 
========================================================================
Received Import Request.
  Time since last request: 0.000014 seconds.
  path: Assets/Tilemaps/Terrain (16x16)_75.asset
  artifactKey: Guid(ca9e2c5f495d5cf418771c9124e80712) Importer(815301076,1909f56bfc062723c751e8b465ee728b)
Start importing Assets/Tilemaps/Terrain (16x16)_75.asset using Guid(ca9e2c5f495d5cf418771c9124e80712) Importer(815301076,1909f56bfc062723c751e8b465ee728b)  -> (artifact id: 'd0b7a263aa18fc6697328280532f2ba2') in 0.006755 seconds 
========================================================================
Received Import Request.
  Time since last request: 0.000015 seconds.
  path: Assets/Tilemaps/Terrain (16x16)_47.asset
  artifactKey: Guid(c4ba03b4ac13c6548b4f3c9e7890f753) Importer(815301076,1909f56bfc062723c751e8b465ee728b)
Start importing Assets/Tilemaps/Terrain (16x16)_47.asset using Guid(c4ba03b4ac13c6548b4f3c9e7890f753) Importer(815301076,1909f56bfc062723c751e8b465ee728b)  -> (artifact id: '50cf7a4859d3698bef16041a5646f0ed') in 0.007345 seconds 
========================================================================
Received Import Request.
  Time since last request: 0.000021 seconds.
  path: Assets/Tilemaps/Terrain (16x16)_44.asset
  artifactKey: Guid(d8f672ee1eaad5c4db652fa89326567e) Importer(815301076,1909f56bfc062723c751e8b465ee728b)
Start importing Assets/Tilemaps/Terrain (16x16)_44.asset using Guid(d8f672ee1eaad5c4db652fa89326567e) Importer(815301076,1909f56bfc062723c751e8b465ee728b)  -> (artifact id: 'a6a2e42ca70a42b5d5fc0688082ceed6') in 0.006391 seconds 
========================================================================
Received Import Request.
  Time since last request: 0.000038 seconds.
  path: Assets/Tilemaps/Terrain (16x16)_64.asset
  artifactKey: Guid(55ff103a87220384a9a25d2579b4c371) Importer(815301076,1909f56bfc062723c751e8b465ee728b)
Start importing Assets/Tilemaps/Terrain (16x16)_64.asset using Guid(55ff103a87220384a9a25d2579b4c371) Importer(815301076,1909f56bfc062723c751e8b465ee728b)  -> (artifact id: 'a110050a071e91fd3a74edb703f4b1f1') in 0.006318 seconds 
========================================================================
Received Import Request.
  Time since last request: 0.000039 seconds.
  path: Assets/Tilemaps/Terrain (16x16)_88.asset
  artifactKey: Guid(b3483f87f19280c4f86fb4f981a106b4) Importer(815301076,1909f56bfc062723c751e8b465ee728b)
Start importing Assets/Tilemaps/Terrain (16x16)_88.asset using Guid(b3483f87f19280c4f86fb4f981a106b4) Importer(815301076,1909f56bfc062723c751e8b465ee728b)  -> (artifact id: 'f40157a2cacdbfe2c769a814ff72d663') in 0.006083 seconds 
========================================================================
Received Import Request.
  Time since last request: 0.000023 seconds.
  path: Assets/Tilemaps/Terrain (16x16)_79.asset
  artifactKey: Guid(1453ec96b49157a419208f392dda3417) Importer(815301076,1909f56bfc062723c751e8b465ee728b)
Start importing Assets/Tilemaps/Terrain (16x16)_79.asset using Guid(1453ec96b49157a419208f392dda3417) Importer(815301076,1909f56bfc062723c751e8b465ee728b)  -> (artifact id: '213c62519df324bca427fec66fda784c') in 0.006758 seconds 
========================================================================
Received Import Request.
  Time since last request: 0.000021 seconds.
  path: Assets/Tilemaps/Terrain (16x16)_7.asset
  artifactKey: Guid(535e94de156c6b144ba48a28906c5461) Importer(815301076,1909f56bfc062723c751e8b465ee728b)
Start importing Assets/Tilemaps/Terrain (16x16)_7.asset using Guid(535e94de156c6b144ba48a28906c5461) Importer(815301076,1909f56bfc062723c751e8b465ee728b)  -> (artifact id: 'ca2eba106812a82713497586aea17470') in 0.006300 seconds 
========================================================================
Received Import Request.
  Time since last request: 0.000030 seconds.
  path: Assets/Tilemaps/Terrain (16x16)_30.asset
  artifactKey: Guid(344e7075dd749c54ebc5eb87fc1ab539) Importer(815301076,1909f56bfc062723c751e8b465ee728b)
Start importing Assets/Tilemaps/Terrain (16x16)_30.asset using Guid(344e7075dd749c54ebc5eb87fc1ab539) Importer(815301076,1909f56bfc062723c751e8b465ee728b)  -> (artifact id: 'ab569ba78a6353fa21f9b12109a6b558') in 0.006149 seconds 
========================================================================
Received Import Request.
  Time since last request: 0.000025 seconds.
  path: Assets/Tilemaps/Terrain (16x16)_65.asset
  artifactKey: Guid(eefeaa63ee64c3f48aaa8975f1eb4b09) Importer(815301076,1909f56bfc062723c751e8b465ee728b)
Start importing Assets/Tilemaps/Terrain (16x16)_65.asset using Guid(eefeaa63ee64c3f48aaa8975f1eb4b09) Importer(815301076,1909f56bfc062723c751e8b465ee728b)  -> (artifact id: '99ba97f229bbe242a0c280012bfb4001') in 0.006309 seconds 
========================================================================
Received Import Request.
  Time since last request: 0.000030 seconds.
  path: Assets/Tilemaps/Terrain (16x16)_89.asset
  artifactKey: Guid(543c552756fbef948a5846a6ce04557f) Importer(815301076,1909f56bfc062723c751e8b465ee728b)
Start importing Assets/Tilemaps/Terrain (16x16)_89.asset using Guid(543c552756fbef948a5846a6ce04557f) Importer(815301076,1909f56bfc062723c751e8b465ee728b)  -> (artifact id: '65eb16229dd4fe2ba53e3c24bf7134d7') in 0.006153 seconds 
========================================================================
Received Import Request.
  Time since last request: 0.000023 seconds.
  path: Assets/Tilemaps/Terrain (16x16)_83.asset
  artifactKey: Guid(de5dbaf2913d2294ab3d0ade463a679d) Importer(815301076,1909f56bfc062723c751e8b465ee728b)
Start importing Assets/Tilemaps/Terrain (16x16)_83.asset using Guid(de5dbaf2913d2294ab3d0ade463a679d) Importer(815301076,1909f56bfc062723c751e8b465ee728b)  -> (artifact id: '96d7579c712492ca687c1756c027ac8f') in 0.006646 seconds 
========================================================================
Received Import Request.
  Time since last request: 0.000025 seconds.
  path: Assets/Tilemaps/Terrain (16x16)_34.asset
  artifactKey: Guid(1e5bf6cfaa776824e80651512bc7a50a) Importer(815301076,1909f56bfc062723c751e8b465ee728b)
Start importing Assets/Tilemaps/Terrain (16x16)_34.asset using Guid(1e5bf6cfaa776824e80651512bc7a50a) Importer(815301076,1909f56bfc062723c751e8b465ee728b)  -> (artifact id: '58cb238d6d4e63425a3b64e2615efe86') in 0.007048 seconds 
========================================================================
Received Import Request.
  Time since last request: 0.000019 seconds.
  path: Assets/Tilemaps/Terrain (16x16)_53.asset
  artifactKey: Guid(02853f5a2fea7d747ae6910bd546d541) Importer(815301076,1909f56bfc062723c751e8b465ee728b)
Start importing Assets/Tilemaps/Terrain (16x16)_53.asset using Guid(02853f5a2fea7d747ae6910bd546d541) Importer(815301076,1909f56bfc062723c751e8b465ee728b)  -> (artifact id: 'd3b287f4d63c036b8f7e110bbe1d60e5') in 0.006899 seconds 
========================================================================
Received Import Request.
  Time since last request: 0.000018 seconds.
  path: Assets/Tilemaps/Terrain (16x16)_68.asset
  artifactKey: Guid(abde45ba08d929f4ab342d677e2bd432) Importer(815301076,1909f56bfc062723c751e8b465ee728b)
Start importing Assets/Tilemaps/Terrain (16x16)_68.asset using Guid(abde45ba08d929f4ab342d677e2bd432) Importer(815301076,1909f56bfc062723c751e8b465ee728b)  -> (artifact id: 'e6e31c45d5c8139e48fed95213925024') in 0.006379 seconds 
========================================================================
Received Import Request.
  Time since last request: 0.000025 seconds.
  path: Assets/Tilemaps/Terrain (16x16)_9.asset
  artifactKey: Guid(c052658c185c5ce4d94b884dfb7a6f16) Importer(815301076,1909f56bfc062723c751e8b465ee728b)
Start importing Assets/Tilemaps/Terrain (16x16)_9.asset using Guid(c052658c185c5ce4d94b884dfb7a6f16) Importer(815301076,1909f56bfc062723c751e8b465ee728b)  -> (artifact id: '7b5f50993a30bf24e57d252e846b3aa0') in 0.006658 seconds 
========================================================================
Received Import Request.
  Time since last request: 0.000024 seconds.
  path: Assets/Tilemaps/Terrain (16x16)_40.asset
  artifactKey: Guid(9659a65ed4898dc47ac0691f7edb61e1) Importer(815301076,1909f56bfc062723c751e8b465ee728b)
Start importing Assets/Tilemaps/Terrain (16x16)_40.asset using Guid(9659a65ed4898dc47ac0691f7edb61e1) Importer(815301076,1909f56bfc062723c751e8b465ee728b)  -> (artifact id: 'c197d817848fbdd6109fefdb8968a34c') in 0.006433 seconds 
========================================================================
Received Import Request.
  Time since last request: 0.000024 seconds.
  path: Assets/Tilemaps/Terrain (16x16)_78.asset
  artifactKey: Guid(ef5d9c1aa6cfc454db82313a030a1748) Importer(815301076,1909f56bfc062723c751e8b465ee728b)
Start importing Assets/Tilemaps/Terrain (16x16)_78.asset using Guid(ef5d9c1aa6cfc454db82313a030a1748) Importer(815301076,1909f56bfc062723c751e8b465ee728b)  -> (artifact id: '7511a5d63536d86de069e5cf9b1f44e8') in 0.007902 seconds 
========================================================================
Received Import Request.
  Time since last request: 0.000022 seconds.
  path: Assets/Tilemaps/Terrain (16x16)_60.asset
  artifactKey: Guid(08474e4b3eba8f048973fea541332530) Importer(815301076,1909f56bfc062723c751e8b465ee728b)
Start importing Assets/Tilemaps/Terrain (16x16)_60.asset using Guid(08474e4b3eba8f048973fea541332530) Importer(815301076,1909f56bfc062723c751e8b465ee728b)  -> (artifact id: '8413201c83df8ba08eb6cb9c0c3dcc28') in 0.006145 seconds 
========================================================================
Received Import Request.
  Time since last request: 16.338649 seconds.
  path: Assets/Tilemaps/Terrain (16x16)_91.asset
  artifactKey: Guid(7f497030f04487c4c8ffe6b72023948b) Importer(815301076,1909f56bfc062723c751e8b465ee728b)
Start importing Assets/Tilemaps/Terrain (16x16)_91.asset using Guid(7f497030f04487c4c8ffe6b72023948b) Importer(815301076,1909f56bfc062723c751e8b465ee728b)  -> (artifact id: '3d3755c5f17ed06eb559c40544985c81') in 0.038026 seconds 
========================================================================
Received Import Request.
  Time since last request: 0.000018 seconds.
  path: Assets/Tilemaps/Terrain (16x16)_121.asset
  artifactKey: Guid(25b0eadc2dd56344fbc6033a8132a73e) Importer(815301076,1909f56bfc062723c751e8b465ee728b)
Start importing Assets/Tilemaps/Terrain (16x16)_121.asset using Guid(25b0eadc2dd56344fbc6033a8132a73e) Importer(815301076,1909f56bfc062723c751e8b465ee728b)  -> (artifact id: '742e14a70d2ea084820b2a0107c33947') in 0.006803 seconds 
========================================================================
Received Import Request.
  Time since last request: 0.000018 seconds.
  path: Assets/Tilemaps/Terrain (16x16)_104.asset
  artifactKey: Guid(2121fef8dfd1ec241b964fd96d7896a0) Importer(815301076,1909f56bfc062723c751e8b465ee728b)
Start importing Assets/Tilemaps/Terrain (16x16)_104.asset using Guid(2121fef8dfd1ec241b964fd96d7896a0) Importer(815301076,1909f56bfc062723c751e8b465ee728b)  -> (artifact id: 'd1295f4fff888d9153f6b249058115fb') in 0.011566 seconds 
========================================================================
Received Import Request.
  Time since last request: 0.000018 seconds.
  path: Assets/Tilemaps/Terrain (16x16)_123.asset
  artifactKey: Guid(d7a19640a9def0e429699b7cf7de5ef4) Importer(815301076,1909f56bfc062723c751e8b465ee728b)
Start importing Assets/Tilemaps/Terrain (16x16)_123.asset using Guid(d7a19640a9def0e429699b7cf7de5ef4) Importer(815301076,1909f56bfc062723c751e8b465ee728b)  -> (artifact id: '3146e22342400da163301b86da533995') in 0.008801 seconds 
========================================================================
Received Import Request.
  Time since last request: 0.000021 seconds.
  path: Assets/Tilemaps/Terrain (16x16)_141.asset
  artifactKey: Guid(413dc01938d2f0647a90f5471c6e4b09) Importer(815301076,1909f56bfc062723c751e8b465ee728b)
Start importing Assets/Tilemaps/Terrain (16x16)_141.asset using Guid(413dc01938d2f0647a90f5471c6e4b09) Importer(815301076,1909f56bfc062723c751e8b465ee728b)  -> (artifact id: '1bf2ad8832cdeee540ca64fce8df404c') in 0.008296 seconds 
========================================================================
Received Import Request.
  Time since last request: 0.000022 seconds.
  path: Assets/Tilemaps/Terrain (16x16)_101.asset
  artifactKey: Guid(e8379bf8a31ef1c4cbbe9fe41727f3c0) Importer(815301076,1909f56bfc062723c751e8b465ee728b)
Start importing Assets/Tilemaps/Terrain (16x16)_101.asset using Guid(e8379bf8a31ef1c4cbbe9fe41727f3c0) Importer(815301076,1909f56bfc062723c751e8b465ee728b)  -> (artifact id: 'b7f30d1efc13595c3428de432ef2c4cf') in 0.011376 seconds 
========================================================================
Received Import Request.
  Time since last request: 0.000019 seconds.
  path: Assets/Tilemaps/Terrain (16x16)_108.asset
  artifactKey: Guid(cd769615966bb0f459964e777e553872) Importer(815301076,1909f56bfc062723c751e8b465ee728b)
Start importing Assets/Tilemaps/Terrain (16x16)_108.asset using Guid(cd769615966bb0f459964e777e553872) Importer(815301076,1909f56bfc062723c751e8b465ee728b)  -> (artifact id: '7f73715b4a43baf93599dd696a168475') in 0.009358 seconds 
========================================================================
Received Import Request.
  Time since last request: 0.000024 seconds.
  path: Assets/Tilemaps/Terrain (16x16)_95.asset
  artifactKey: Guid(a06b85175b15fde4c86a9ea115cd8f9d) Importer(815301076,1909f56bfc062723c751e8b465ee728b)
Start importing Assets/Tilemaps/Terrain (16x16)_95.asset using Guid(a06b85175b15fde4c86a9ea115cd8f9d) Importer(815301076,1909f56bfc062723c751e8b465ee728b)  -> (artifact id: '28aa158772e74b34b12d33db38e405f5') in 0.009470 seconds 
========================================================================
Received Import Request.
  Time since last request: 0.000022 seconds.
  path: Assets/Tilemaps/Terrain (16x16)_110.asset
  artifactKey: Guid(d02870a7a370ed94a9572983474ff494) Importer(815301076,1909f56bfc062723c751e8b465ee728b)
Start importing Assets/Tilemaps/Terrain (16x16)_110.asset using Guid(d02870a7a370ed94a9572983474ff494) Importer(815301076,1909f56bfc062723c751e8b465ee728b)  -> (artifact id: '3ef3836f6c9879ba30a8c1ea219fcbce') in 0.006750 seconds 
========================================================================
Received Import Request.
  Time since last request: 0.000032 seconds.
  path: Assets/Tilemaps/Terrain (16x16)_111.asset
  artifactKey: Guid(f80f1dda247aab943a849424d50ab69d) Importer(815301076,1909f56bfc062723c751e8b465ee728b)
Start importing Assets/Tilemaps/Terrain (16x16)_111.asset using Guid(f80f1dda247aab943a849424d50ab69d) Importer(815301076,1909f56bfc062723c751e8b465ee728b)  -> (artifact id: 'aff1398265718d5bda6fc8d43632a961') in 0.008270 seconds 
========================================================================
Received Import Request.
  Time since last request: 0.000029 seconds.
  path: Assets/Tilemaps/Terrain (16x16)_106.asset
  artifactKey: Guid(2c4786e38a7adbd4caec5994a02f1a8f) Importer(815301076,1909f56bfc062723c751e8b465ee728b)
Start importing Assets/Tilemaps/Terrain (16x16)_106.asset using Guid(2c4786e38a7adbd4caec5994a02f1a8f) Importer(815301076,1909f56bfc062723c751e8b465ee728b)  -> (artifact id: '1982ae86eaee0bfa7281ff29814acee4') in 0.010139 seconds 
========================================================================
Received Import Request.
  Time since last request: 0.000021 seconds.
  path: Assets/Tilemaps/Terrain (16x16)_102.asset
  artifactKey: Guid(fd7003d2da092ae478c8e563808fe2a5) Importer(815301076,1909f56bfc062723c751e8b465ee728b)
Start importing Assets/Tilemaps/Terrain (16x16)_102.asset using Guid(fd7003d2da092ae478c8e563808fe2a5) Importer(815301076,1909f56bfc062723c751e8b465ee728b)  -> (artifact id: '4ad8e490dea394d29c97092a94883acb') in 0.010445 seconds 
========================================================================
Received Import Request.
  Time since last request: 0.000016 seconds.
  path: Assets/Tilemaps/Terrain (16x16)_119.asset
  artifactKey: Guid(0972d8b293ab2834ca7b24081416ab67) Importer(815301076,1909f56bfc062723c751e8b465ee728b)
Start importing Assets/Tilemaps/Terrain (16x16)_119.asset using Guid(0972d8b293ab2834ca7b24081416ab67) Importer(815301076,1909f56bfc062723c751e8b465ee728b)  -> (artifact id: 'f5ef7d08455538f717f58a3c8ef0392b') in 0.006818 seconds 
========================================================================
Received Import Request.
  Time since last request: 0.000024 seconds.
  path: Assets/Tilemaps/Terrain (16x16)_113.asset
  artifactKey: Guid(d3a95782bb6b0f1478f1ce5139a2796f) Importer(815301076,1909f56bfc062723c751e8b465ee728b)
Start importing Assets/Tilemaps/Terrain (16x16)_113.asset using Guid(d3a95782bb6b0f1478f1ce5139a2796f) Importer(815301076,1909f56bfc062723c751e8b465ee728b)  -> (artifact id: '9daa0039c062834f480b7df7d0aeb708') in 0.007170 seconds 
========================================================================
Received Import Request.
  Time since last request: 0.000020 seconds.
  path: Assets/Tilemaps/Terrain (16x16)_97.asset
  artifactKey: Guid(cbb739cadf572aa48938937c90586146) Importer(815301076,1909f56bfc062723c751e8b465ee728b)
Start importing Assets/Tilemaps/Terrain (16x16)_97.asset using Guid(cbb739cadf572aa48938937c90586146) Importer(815301076,1909f56bfc062723c751e8b465ee728b)  -> (artifact id: '8e7a193902d7e05f6ea0c015646a202a') in 0.007507 seconds 
========================================================================
Received Import Request.
  Time since last request: 0.000020 seconds.
  path: Assets/Tilemaps/Terrain (16x16)_129.asset
  artifactKey: Guid(3bc4a16df37c1a047b9bfcc93cae069e) Importer(815301076,1909f56bfc062723c751e8b465ee728b)
Start importing Assets/Tilemaps/Terrain (16x16)_129.asset using Guid(3bc4a16df37c1a047b9bfcc93cae069e) Importer(815301076,1909f56bfc062723c751e8b465ee728b)  -> (artifact id: '42d1862b23e220b4ffa9a7823cc172f7') in 0.010708 seconds 
========================================================================
Received Import Request.
  Time since last request: 0.000027 seconds.
  path: Assets/Tilemaps/Terrain (16x16)_105.asset
  artifactKey: Guid(64c86ecdcc7944f49bee0fd641e054c0) Importer(815301076,1909f56bfc062723c751e8b465ee728b)
Start importing Assets/Tilemaps/Terrain (16x16)_105.asset using Guid(64c86ecdcc7944f49bee0fd641e054c0) Importer(815301076,1909f56bfc062723c751e8b465ee728b)  -> (artifact id: '4ec2796d748c6e860988d51adf00857e') in 0.010536 seconds 
========================================================================
Received Import Request.
  Time since last request: 0.000019 seconds.
  path: Assets/Tilemaps/Terrain (16x16)_135.asset
  artifactKey: Guid(45777a00714432e469a7bff34bfe9a28) Importer(815301076,1909f56bfc062723c751e8b465ee728b)
Start importing Assets/Tilemaps/Terrain (16x16)_135.asset using Guid(45777a00714432e469a7bff34bfe9a28) Importer(815301076,1909f56bfc062723c751e8b465ee728b)  -> (artifact id: 'd01d03343be43b044d2101e92b19e1c5') in 0.010198 seconds 
========================================================================
Received Prepare
Registering precompiled user dll's ...
Registered in 0.009399 seconds.
Begin MonoManager ReloadAssembly
Symbol file LoadedFromMemory doesn't match image D:\Koj\Programování\GitHub\Unity\BeFakers\BeFake dash\Library\PackageCache\com.unity.visualscripting@1.7.8\Editor\VisualScripting.Core\Dependencies\YamlDotNet\Unity.VisualScripting.YamlDotNet.dll
Symbol file LoadedFromMemory doesn't match image D:\Koj\Programování\GitHub\Unity\BeFakers\BeFake dash\Library\PackageCache\com.unity.visualscripting@1.7.8\Editor\VisualScripting.Core\Dependencies\DotNetZip\Unity.VisualScripting.IonicZip.dll
Native extension for UWP target not found
Native extension for WindowsStandalone target not found
Native extension for iOS target not found
Native extension for Android target not found
Refreshing native plugins compatible for Editor in 1.23 ms, found 4 plugins.
Preloading 0 native plugins for Editor in 0.00 ms.
Mono: successfully reloaded assembly
- Completed reload, in  1.037 seconds
Domain Reload Profiling:
	ReloadAssembly (1037ms)
		BeginReloadAssembly (155ms)
			ExecutionOrderSort (0ms)
			DisableScriptedObjects (7ms)
			BackupInstance (0ms)
			ReleaseScriptingObjects (0ms)
			CreateAndSetChildDomain (41ms)
		EndReloadAssembly (794ms)
			LoadAssemblies (124ms)
			RebuildTransferFunctionScriptingTraits (0ms)
			SetupTypeCache (255ms)
			ReleaseScriptCaches (2ms)
			RebuildScriptCaches (42ms)
			SetupLoadedEditorAssemblies (355ms)
				LogAssemblyErrors (0ms)
				InitializePlatformSupportModulesInManaged (33ms)
				SetLoadedEditorAssemblies (0ms)
				RefreshPlugins (1ms)
				BeforeProcessingInitializeOnLoad (72ms)
				ProcessInitializeOnLoadAttributes (207ms)
				ProcessInitializeOnLoadMethodAttributes (38ms)
				AfterProcessingInitializeOnLoad (3ms)
				EditorAssembliesLoaded (0ms)
			ExecutionOrderSort2 (0ms)
			AwakeInstancesAfterBackupRestoration (9ms)
Platform modules already initialized, skipping
Refreshing native plugins compatible for Editor in 3.21 ms, found 4 plugins.
Preloading 0 native plugins for Editor in 0.00 ms.
Unloading 4051 Unused Serialized files (Serialized files now loaded: 0)
Unloading 31 unused Assets / (189.6 KB). Loaded Objects now: 4517.
Memory consumption went from 155.3 MB to 155.1 MB.
Total: 3.060700 ms (FindLiveObjects: 0.278200 ms CreateObjectMapping: 0.235400 ms MarkObjects: 2.411300 ms  DeleteObjects: 0.134500 ms)

AssetImportParameters requested are different than current active one (requested -> active):
  custom:video-decoder-ogg-theora: a1e56fd34408186e4bbccfd4996cb3dc -> 
  custom:container-muxer-webm: aa71ff27fc2769a1b78a27578f13a17b -> 
  custom:container-demuxer-webm: 4f35f7cbe854078d1ac9338744f61a02 -> 
  custom:video-encoder-webm-vp8: eb34c28f22e8b96e1ab97ce403110664 -> 
  custom:audio-encoder-webm-vorbis: bf7c407c2cedff20999df2af8eb42d56 -> 
  custom:framework-win-MediaFoundation: 216162199b28c13a410421893ffa2e32 -> 
  custom:container-demuxer-ogg: 62fdf1f143b41e24485cea50d1cbac27 -> 
  custom:video-decoder-webm-vp8: 9c59270c3fd7afecdb556c50c9e8de78 -> 
  custom:audio-decoder-ogg-vorbis: bf7c407c2cedff20999df2af8eb42d56 -> 
========================================================================
Received Import Request.
  Time since last request: 582.282306 seconds.
  path: Assets/Grafika/Style 3/Tiles/Acid (2).png
  artifactKey: Guid(0a3632d1ed014554e80e989f556a7ccf) Importer(815301076,1909f56bfc062723c751e8b465ee728b)
Start importing Assets/Grafika/Style 3/Tiles/Acid (2).png using Guid(0a3632d1ed014554e80e989f556a7ccf) Importer(815301076,1909f56bfc062723c751e8b465ee728b)  -> (artifact id: '5b03ba612caa9afd3718adf32e340f4d') in 0.065776 seconds 
========================================================================
Received Import Request.
  Time since last request: 0.000025 seconds.
  path: Assets/Grafika/Style 3/Tiles/Tile (12).png
  artifactKey: Guid(33b5746dc00e0a44b9a0ff0bc5e85d24) Importer(815301076,1909f56bfc062723c751e8b465ee728b)
Start importing Assets/Grafika/Style 3/Tiles/Tile (12).png using Guid(33b5746dc00e0a44b9a0ff0bc5e85d24) Importer(815301076,1909f56bfc062723c751e8b465ee728b)  -> (artifact id: 'd8f103f2ee99a0e567227f3e1d6a461e') in 0.017073 seconds 
========================================================================
Received Import Request.
  Time since last request: 0.000029 seconds.
  path: Assets/Grafika/Style 3/Tiles/Tile (11).png
  artifactKey: Guid(760039f84d9c0a546a2981063d2c9551) Importer(815301076,1909f56bfc062723c751e8b465ee728b)
Start importing Assets/Grafika/Style 3/Tiles/Tile (11).png using Guid(760039f84d9c0a546a2981063d2c9551) Importer(815301076,1909f56bfc062723c751e8b465ee728b)  -> (artifact id: '5e64b83d29a9956b4555ef583542938f') in 0.019051 seconds 
========================================================================
Received Import Request.
  Time since last request: 0.000020 seconds.
  path: Assets/Grafika/Style 3/Tiles/Tile (14).png
  artifactKey: Guid(c6638da77115ee145b72c8584ae11305) Importer(815301076,1909f56bfc062723c751e8b465ee728b)
Start importing Assets/Grafika/Style 3/Tiles/Tile (14).png using Guid(c6638da77115ee145b72c8584ae11305) Importer(815301076,1909f56bfc062723c751e8b465ee728b)  -> (artifact id: '4e62975eb0f2fa5bdd6802c31083ce12') in 0.018665 seconds 
========================================================================
Received Import Request.
  Time since last request: 0.000022 seconds.
  path: Assets/Grafika/Style 3/Tiles/Tile (15).png
  artifactKey: Guid(be1ab88a9ac55fb48b29de2f37d94a51) Importer(815301076,1909f56bfc062723c751e8b465ee728b)
Start importing Assets/Grafika/Style 3/Tiles/Tile (15).png using Guid(be1ab88a9ac55fb48b29de2f37d94a51) Importer(815301076,1909f56bfc062723c751e8b465ee728b)  -> (artifact id: '20f4d479704d41ca7a86eaf7a166d622') in 0.027544 seconds 
========================================================================
Received Import Request.
  Time since last request: 0.000017 seconds.
  path: Assets/Grafika/Style 3/Tiles/Fence (1).png
  artifactKey: Guid(c0289b628cd504c4b9f4436b2a0452b9) Importer(815301076,1909f56bfc062723c751e8b465ee728b)
Start importing Assets/Grafika/Style 3/Tiles/Fence (1).png using Guid(c0289b628cd504c4b9f4436b2a0452b9) Importer(815301076,1909f56bfc062723c751e8b465ee728b)  -> (artifact id: 'cbde1f268d5958f0c271e2d33f7f7ee1') in 0.023930 seconds 
========================================================================
Received Import Request.
  Time since last request: 0.000017 seconds.
  path: Assets/Grafika/Style 3/Tiles/Tile (9).png
  artifactKey: Guid(d87d8651a8a402c4f992287d1cf4b729) Importer(815301076,1909f56bfc062723c751e8b465ee728b)
Start importing Assets/Grafika/Style 3/Tiles/Tile (9).png using Guid(d87d8651a8a402c4f992287d1cf4b729) Importer(815301076,1909f56bfc062723c751e8b465ee728b)  -> (artifact id: '23c0616e7492615ad89d08ae1a965e64') in 0.013548 seconds 
========================================================================
Received Import Request.
  Time since last request: 0.000020 seconds.
  path: Assets/Grafika/Style 3/Tiles/BGTile (4).png
  artifactKey: Guid(858e85e6e66f8fa46b6d521e34ffaf90) Importer(815301076,1909f56bfc062723c751e8b465ee728b)
Start importing Assets/Grafika/Style 3/Tiles/BGTile (4).png using Guid(858e85e6e66f8fa46b6d521e34ffaf90) Importer(815301076,1909f56bfc062723c751e8b465ee728b)  -> (artifact id: 'e3bb246ef1a930d2f036a16e903a7455') in 0.012276 seconds 
========================================================================
Received Import Request.
  Time since last request: 0.000018 seconds.
  path: Assets/Grafika/Style 3/Tiles/Tile (8).png
  artifactKey: Guid(50ef64ffe03fb3841a6130eb8a4531f3) Importer(815301076,1909f56bfc062723c751e8b465ee728b)
Start importing Assets/Grafika/Style 3/Tiles/Tile (8).png using Guid(50ef64ffe03fb3841a6130eb8a4531f3) Importer(815301076,1909f56bfc062723c751e8b465ee728b)  -> (artifact id: '0e922579a8f75ed28ca99f910bcafae2') in 0.014459 seconds 
========================================================================
Received Import Request.
  Time since last request: 0.000023 seconds.
  path: Assets/Grafika/Style 3/Tiles/BGTile (2).png
  artifactKey: Guid(7a61a2e1be1a6aa43827b3404ca9c230) Importer(815301076,1909f56bfc062723c751e8b465ee728b)
Start importing Assets/Grafika/Style 3/Tiles/BGTile (2).png using Guid(7a61a2e1be1a6aa43827b3404ca9c230) Importer(815301076,1909f56bfc062723c751e8b465ee728b)  -> (artifact id: '8ea46d1b6f3292d2fae293ae6ac35f82') in 0.012211 seconds 
========================================================================
Received Import Request.
  Time since last request: 0.000019 seconds.
  path: Assets/Grafika/Style 3/Tiles/BGTile (1).png
  artifactKey: Guid(e744da93c489f3742bb45c46f6bca1cb) Importer(815301076,1909f56bfc062723c751e8b465ee728b)
Start importing Assets/Grafika/Style 3/Tiles/BGTile (1).png using Guid(e744da93c489f3742bb45c46f6bca1cb) Importer(815301076,1909f56bfc062723c751e8b465ee728b)  -> (artifact id: 'a5b438aadbc533fca5b9979c85dbbdca') in 0.013319 seconds 
========================================================================
Received Import Request.
  Time since last request: 0.000028 seconds.
  path: Assets/Grafika/Style 3/Tiles/Tile (7).png
  artifactKey: Guid(467a78313e3c7694c83140ab21e9f25e) Importer(815301076,1909f56bfc062723c751e8b465ee728b)
Start importing Assets/Grafika/Style 3/Tiles/Tile (7).png using Guid(467a78313e3c7694c83140ab21e9f25e) Importer(815301076,1909f56bfc062723c751e8b465ee728b)  -> (artifact id: '543fa7b604a34ee658383d32ac3173dd') in 0.013988 seconds 
========================================================================
Received Import Request.
  Time since last request: 0.000036 seconds.
  path: Assets/Grafika/Style 3/Tiles/Tile (4).png
  artifactKey: Guid(7374a7875b855494988c8ee41ef78c58) Importer(815301076,1909f56bfc062723c751e8b465ee728b)
Start importing Assets/Grafika/Style 3/Tiles/Tile (4).png using Guid(7374a7875b855494988c8ee41ef78c58) Importer(815301076,1909f56bfc062723c751e8b465ee728b)  -> (artifact id: '70cec9ebc27e6c355173372a046e83c4') in 0.014428 seconds 
========================================================================
Received Import Request.
  Time since last request: 0.000023 seconds.
  path: Assets/Grafika/Style 3/Tiles/BGTile (3).png
  artifactKey: Guid(b8024ada4ef31c945a9603c9a447060e) Importer(815301076,1909f56bfc062723c751e8b465ee728b)
Start importing Assets/Grafika/Style 3/Tiles/BGTile (3).png using Guid(b8024ada4ef31c945a9603c9a447060e) Importer(815301076,1909f56bfc062723c751e8b465ee728b)  -> (artifact id: '600b8cf21df785587cf6b8a3bbc4b745') in 0.016843 seconds 
========================================================================
Received Import Request.
  Time since last request: 10.644077 seconds.
  path: Assets/Grafika/Style 4/Tile/3.png
  artifactKey: Guid(e2be8b2cecc06b6458d0e5b06ab67760) Importer(815301076,1909f56bfc062723c751e8b465ee728b)
Start importing Assets/Grafika/Style 4/Tile/3.png using Guid(e2be8b2cecc06b6458d0e5b06ab67760) Importer(815301076,1909f56bfc062723c751e8b465ee728b)  -> (artifact id: 'fed74effc38d97a2caea1f4f06adfaeb') in 0.011677 seconds 
========================================================================
Received Import Request.
  Time since last request: 0.000026 seconds.
  path: Assets/Grafika/Style 4/Tile/13.png
  artifactKey: Guid(47438af7d45e4ac4c9e9343ab74f35fc) Importer(815301076,1909f56bfc062723c751e8b465ee728b)
Start importing Assets/Grafika/Style 4/Tile/13.png using Guid(47438af7d45e4ac4c9e9343ab74f35fc) Importer(815301076,1909f56bfc062723c751e8b465ee728b)  -> (artifact id: '9825f64196d1bf61fd303f3cab2491c1') in 0.013753 seconds 
========================================================================
Received Import Request.
  Time since last request: 0.000017 seconds.
  path: Assets/Grafika/Style 4/Tile/16.png
  artifactKey: Guid(8b97dce6cb5062e48aad019c1c4bf03d) Importer(815301076,1909f56bfc062723c751e8b465ee728b)
Start importing Assets/Grafika/Style 4/Tile/16.png using Guid(8b97dce6cb5062e48aad019c1c4bf03d) Importer(815301076,1909f56bfc062723c751e8b465ee728b)  -> (artifact id: 'f518d16dfba887ff237519a1fbd73d90') in 0.013618 seconds 
========================================================================
Received Import Request.
  Time since last request: 0.000022 seconds.
  path: Assets/Grafika/Style 4/Tile/8.png
  artifactKey: Guid(b0d800e6dc154bf4984a29d6ce638daa) Importer(815301076,1909f56bfc062723c751e8b465ee728b)
Start importing Assets/Grafika/Style 4/Tile/8.png using Guid(b0d800e6dc154bf4984a29d6ce638daa) Importer(815301076,1909f56bfc062723c751e8b465ee728b)  -> (artifact id: '33f5700b927d5c82dd2ac1a41b76bb0b') in 0.012196 seconds 
========================================================================
Received Import Request.
  Time since last request: 0.000023 seconds.
  path: Assets/Grafika/Style 4/Tile/15.png
  artifactKey: Guid(569919e2482d3c342a0f130149abbfbb) Importer(815301076,1909f56bfc062723c751e8b465ee728b)
Start importing Assets/Grafika/Style 4/Tile/15.png using Guid(569919e2482d3c342a0f130149abbfbb) Importer(815301076,1909f56bfc062723c751e8b465ee728b)  -> (artifact id: 'e61e93999aac751771637a2c33f9c585') in 0.012169 seconds 
========================================================================
Received Import Request.
  Time since last request: 2.088145 seconds.
  path: Assets/Grafika/Style 4/Objects/Cactus (1).png
  artifactKey: Guid(a46dd5ac4f6246141a1ea3632fffa31d) Importer(815301076,1909f56bfc062723c751e8b465ee728b)
Start importing Assets/Grafika/Style 4/Objects/Cactus (1).png using Guid(a46dd5ac4f6246141a1ea3632fffa31d) Importer(815301076,1909f56bfc062723c751e8b465ee728b)  -> (artifact id: '71854bd6a8eebceeec7aa75dec44cf64') in 0.015057 seconds 
========================================================================
Received Import Request.
  Time since last request: 0.000019 seconds.
  path: Assets/Grafika/Style 4/Objects/SignArrow.png
  artifactKey: Guid(c4c4ac064199c1d4db0fd31f170ec3cd) Importer(815301076,1909f56bfc062723c751e8b465ee728b)
Start importing Assets/Grafika/Style 4/Objects/SignArrow.png using Guid(c4c4ac064199c1d4db0fd31f170ec3cd) Importer(815301076,1909f56bfc062723c751e8b465ee728b)  -> (artifact id: 'ac56caa81ff54cfd25fc6a7dec13d7e4') in 0.013540 seconds 
========================================================================
Received Import Request.
  Time since last request: 0.000025 seconds.
  path: Assets/Grafika/Style 4/Objects/Skeleton.png
  artifactKey: Guid(55fa366d054291c4282c779e29863c36) Importer(815301076,1909f56bfc062723c751e8b465ee728b)
Start importing Assets/Grafika/Style 4/Objects/Skeleton.png using Guid(55fa366d054291c4282c779e29863c36) Importer(815301076,1909f56bfc062723c751e8b465ee728b)  -> (artifact id: 'db7b9e57ef4663e5e80d189feb207ef7') in 0.016361 seconds 
========================================================================
Received Import Request.
  Time since last request: 0.000025 seconds.
  path: Assets/Grafika/Style 4/Objects/Tree.png
  artifactKey: Guid(e812a3e41e4e4784d829397ec97f1082) Importer(815301076,1909f56bfc062723c751e8b465ee728b)
Start importing Assets/Grafika/Style 4/Objects/Tree.png using Guid(e812a3e41e4e4784d829397ec97f1082) Importer(815301076,1909f56bfc062723c751e8b465ee728b)  -> (artifact id: '36a93bd0b19b136e051520caa20e79ac') in 0.018632 seconds 
========================================================================
Received Import Request.
  Time since last request: 57.317646 seconds.
  path: Assets/Tilemaps/Styl4/3.asset
  artifactKey: Guid(11e8940ca4145c54d9ca39496feade2f) Importer(815301076,1909f56bfc062723c751e8b465ee728b)
Start importing Assets/Tilemaps/Styl4/3.asset using Guid(11e8940ca4145c54d9ca39496feade2f) Importer(815301076,1909f56bfc062723c751e8b465ee728b)  -> (artifact id: 'f1115d2c7e7178a6aaf58dfd7f6a7e1e') in 0.023981 seconds 
========================================================================
Received Import Request.
  Time since last request: 0.000019 seconds.
  path: Assets/Tilemaps/Styl4/11.asset
  artifactKey: Guid(bcbdbc5bb58e3a343b6c71f31cafd15f) Importer(815301076,1909f56bfc062723c751e8b465ee728b)
Start importing Assets/Tilemaps/Styl4/11.asset using Guid(bcbdbc5bb58e3a343b6c71f31cafd15f) Importer(815301076,1909f56bfc062723c751e8b465ee728b)  -> (artifact id: 'bb45e0f0aff5ed9e5ff4a1b9e0a07558') in 0.012140 seconds 
========================================================================
Received Import Request.
  Time since last request: 0.000026 seconds.
  path: Assets/Tilemaps/Styl4/6.asset
  artifactKey: Guid(1748e0e737e5570458c47a58e2635309) Importer(815301076,1909f56bfc062723c751e8b465ee728b)
Start importing Assets/Tilemaps/Styl4/6.asset using Guid(1748e0e737e5570458c47a58e2635309) Importer(815301076,1909f56bfc062723c751e8b465ee728b)  -> (artifact id: '860220934885b181d7d10263874f96d2') in 0.010574 seconds 
========================================================================
Received Import Request.
  Time since last request: 0.000017 seconds.
  path: Assets/Tilemaps/Styl4/14.asset
  artifactKey: Guid(d8bf12d35aba342488fcf2001953dfd3) Importer(815301076,1909f56bfc062723c751e8b465ee728b)
Start importing Assets/Tilemaps/Styl4/14.asset using Guid(d8bf12d35aba342488fcf2001953dfd3) Importer(815301076,1909f56bfc062723c751e8b465ee728b)  -> (artifact id: '5b9f0ad7a5242811db8b6f36e1acb304') in 0.011284 seconds 
========================================================================
Received Import Request.
  Time since last request: 0.000021 seconds.
  path: Assets/Tilemaps/Styl4/12.asset
  artifactKey: Guid(01ed273515737ff4eafe8c37f8150a35) Importer(815301076,1909f56bfc062723c751e8b465ee728b)
Start importing Assets/Tilemaps/Styl4/12.asset using Guid(01ed273515737ff4eafe8c37f8150a35) Importer(815301076,1909f56bfc062723c751e8b465ee728b)  -> (artifact id: '3b5a9d633b4ce5cce311d5c9ff5ec65a') in 0.009359 seconds 
========================================================================
Received Import Request.
  Time since last request: 0.000028 seconds.
  path: Assets/Tilemaps/Styl4/7.asset
  artifactKey: Guid(e7218968a57f1d0409f0ad2cdddc7489) Importer(815301076,1909f56bfc062723c751e8b465ee728b)
Start importing Assets/Tilemaps/Styl4/7.asset using Guid(e7218968a57f1d0409f0ad2cdddc7489) Importer(815301076,1909f56bfc062723c751e8b465ee728b)  -> (artifact id: 'bc8a8efac21e35f76c3663cd5e4c03f1') in 0.010139 seconds 
Editor requested this worker to shutdown with reason: Scaling down because of idle timeout
AssetImportWorker is now disconnected from the server
Process exiting
Exiting without the bug reporter. Application will terminate with return code 0