Using pre-set license
Built from '2021.3/staging' branch; Version is '2021.3.4f1 (cb45f9cae8b7) revision 13321721'; Using compiler version '192829333'; Build Type 'Release'
OS: 'Windows 10  (10.0.19045) 64bit Core' Language: 'cs' Physical Memory: 16295 MB
BatchMode: 1, IsHumanControllingUs: 0, StartBugReporterOnCrash: 0, Is64bit: 1, IsPro: 1

COMMAND LINE ARGUMENTS:
D:\Program Files (x86)\Unity\Hub\Editor\2021.3.4f1\Editor\Unity.exe
-adb2
-batchMode
-noUpm
-name
AssetImportWorker5
-projectPath
D:/Koj/Programování/GitHub/Unity/BeFakers/BeFake dash
-logFile
Logs/AssetImportWorker5.log
-srvPort
56998
Successfully changed project path to: D:/Koj/Programování/GitHub/Unity/BeFakers/BeFake dash
D:/Koj/Programování/GitHub/Unity/BeFakers/BeFake dash
[UnityMemory] Configuration Parameters - Can be set up in boot.config
    "memorysetup-bucket-allocator-granularity=16"
    "memorysetup-bucket-allocator-bucket-count=8"
    "memorysetup-bucket-allocator-block-size=33554432"
    "memorysetup-bucket-allocator-block-count=8"
    "memorysetup-main-allocator-block-size=16777216"
    "memorysetup-thread-allocator-block-size=16777216"
    "memorysetup-gfx-main-allocator-block-size=16777216"
    "memorysetup-gfx-thread-allocator-block-size=16777216"
    "memorysetup-cache-allocator-block-size=4194304"
    "memorysetup-typetree-allocator-block-size=2097152"
    "memorysetup-profiler-bucket-allocator-granularity=16"
    "memorysetup-profiler-bucket-allocator-bucket-count=8"
    "memorysetup-profiler-bucket-allocator-block-size=33554432"
    "memorysetup-profiler-bucket-allocator-block-count=8"
    "memorysetup-profiler-allocator-block-size=16777216"
    "memorysetup-profiler-editor-allocator-block-size=1048576"
    "memorysetup-temp-allocator-size-main=16777216"
    "memorysetup-job-temp-allocator-block-size=2097152"
    "memorysetup-job-temp-allocator-block-size-background=1048576"
    "memorysetup-job-temp-allocator-reduction-small-platforms=262144"
    "memorysetup-temp-allocator-size-background-worker=32768"
    "memorysetup-temp-allocator-size-job-worker=262144"
    "memorysetup-temp-allocator-size-preload-manager=33554432"
    "memorysetup-temp-allocator-size-nav-mesh-worker=65536"
    "memorysetup-temp-allocator-size-audio-worker=65536"
    "memorysetup-temp-allocator-size-cloud-worker=32768"
    "memorysetup-temp-allocator-size-gi-baking-worker=262144"
    "memorysetup-temp-allocator-size-gfx=262144"
Refreshing native plugins compatible for Editor in 108.87 ms, found 4 plugins.
Preloading 0 native plugins for Editor in 0.00 ms.
Initialize engine version: 2021.3.4f1 (cb45f9cae8b7)
[Subsystems] Discovering subsystems at path D:/Program Files (x86)/Unity/Hub/Editor/2021.3.4f1/Editor/Data/Resources/UnitySubsystems
[Subsystems] Discovering subsystems at path D:/Koj/Programování/GitHub/Unity/BeFakers/BeFake dash/Assets
GfxDevice: creating device client; threaded=0; jobified=0
Direct3D:
    Version:  Direct3D 11.0 [level 11.1]
    Renderer: NVIDIA GeForce GTX 1650 (ID=0x2188)
    Vendor:   NVIDIA
    VRAM:     3962 MB
    Driver:   31.0.15.1694
Initialize mono
Mono path[0] = 'D:/Program Files (x86)/Unity/Hub/Editor/2021.3.4f1/Editor/Data/Managed'
Mono path[1] = 'D:/Program Files (x86)/Unity/Hub/Editor/2021.3.4f1/Editor/Data/MonoBleedingEdge/lib/mono/unityjit-win32'
Mono config path = 'D:/Program Files (x86)/Unity/Hub/Editor/2021.3.4f1/Editor/Data/MonoBleedingEdge/etc'
Using monoOptions --debugger-agent=transport=dt_socket,embedding=1,server=y,suspend=n,address=127.0.0.1:56184
Begin MonoManager ReloadAssembly
Registering precompiled unity dll's ...
Register platform support module: D:/Program Files (x86)/Unity/Hub/Editor/2021.3.4f1/Editor/Data/PlaybackEngines/AndroidPlayer/UnityEditor.Android.Extensions.dll
Register platform support module: D:/Program Files (x86)/Unity/Hub/Editor/2021.3.4f1/Editor/Data/PlaybackEngines/iOSSupport/UnityEditor.iOS.Extensions.dll
Register platform support module: D:/Program Files (x86)/Unity/Hub/Editor/2021.3.4f1/Editor/Data/PlaybackEngines/WindowsStandaloneSupport/UnityEditor.WindowsStandalone.Extensions.dll
Register platform support module: D:/Program Files (x86)/Unity/Hub/Editor/2021.3.4f1/Editor/Data/PlaybackEngines/MetroSupport/UnityEditor.UWP.Extensions.dll
Registered in 0.005188 seconds.
Native extension for UWP target not found
Native extension for WindowsStandalone target not found
[usbmuxd] Start listen thread
[usbmuxd] Listen thread started
Native extension for iOS target not found
Native extension for Android target not found
Refreshing native plugins compatible for Editor in 106.56 ms, found 4 plugins.
Preloading 0 native plugins for Editor in 0.00 ms.
Mono: successfully reloaded assembly
- Completed reload, in  0.733 seconds
Domain Reload Profiling:
	ReloadAssembly (733ms)
		BeginReloadAssembly (90ms)
			ExecutionOrderSort (0ms)
			DisableScriptedObjects (0ms)
			BackupInstance (0ms)
			ReleaseScriptingObjects (0ms)
			CreateAndSetChildDomain (1ms)
		EndReloadAssembly (542ms)
			LoadAssemblies (91ms)
			RebuildTransferFunctionScriptingTraits (0ms)
			SetupTypeCache (111ms)
			ReleaseScriptCaches (0ms)
			RebuildScriptCaches (64ms)
			SetupLoadedEditorAssemblies (317ms)
				LogAssemblyErrors (0ms)
				InitializePlatformSupportModulesInManaged (67ms)
				SetLoadedEditorAssemblies (0ms)
				RefreshPlugins (107ms)
				BeforeProcessingInitializeOnLoad (1ms)
				ProcessInitializeOnLoadAttributes (97ms)
				ProcessInitializeOnLoadMethodAttributes (45ms)
				AfterProcessingInitializeOnLoad (0ms)
				EditorAssembliesLoaded (0ms)
			ExecutionOrderSort2 (0ms)
			AwakeInstancesAfterBackupRestoration (0ms)
Platform modules already initialized, skipping
Registering precompiled user dll's ...
Registered in 0.008151 seconds.
Begin MonoManager ReloadAssembly
Symbol file LoadedFromMemory doesn't match image D:\Koj\Programování\GitHub\Unity\BeFakers\BeFake dash\Library\PackageCache\com.unity.visualscripting@1.7.8\Editor\VisualScripting.Core\Dependencies\YamlDotNet\Unity.VisualScripting.YamlDotNet.dll
Symbol file LoadedFromMemory doesn't match image D:\Koj\Programování\GitHub\Unity\BeFakers\BeFake dash\Library\PackageCache\com.unity.visualscripting@1.7.8\Editor\VisualScripting.Core\Dependencies\DotNetZip\Unity.VisualScripting.IonicZip.dll
Native extension for UWP target not found
Native extension for WindowsStandalone target not found
Native extension for iOS target not found
Native extension for Android target not found
Refreshing native plugins compatible for Editor in 98.69 ms, found 4 plugins.
Preloading 0 native plugins for Editor in 0.00 ms.
Mono: successfully reloaded assembly
- Completed reload, in  1.227 seconds
Domain Reload Profiling:
	ReloadAssembly (1227ms)
		BeginReloadAssembly (226ms)
			ExecutionOrderSort (0ms)
			DisableScriptedObjects (5ms)
			BackupInstance (0ms)
			ReleaseScriptingObjects (0ms)
			CreateAndSetChildDomain (120ms)
		EndReloadAssembly (895ms)
			LoadAssemblies (111ms)
			RebuildTransferFunctionScriptingTraits (0ms)
			SetupTypeCache (235ms)
			ReleaseScriptCaches (1ms)
			RebuildScriptCaches (52ms)
			SetupLoadedEditorAssemblies (476ms)
				LogAssemblyErrors (0ms)
				InitializePlatformSupportModulesInManaged (21ms)
				SetLoadedEditorAssemblies (0ms)
				RefreshPlugins (99ms)
				BeforeProcessingInitializeOnLoad (93ms)
				ProcessInitializeOnLoadAttributes (224ms)
				ProcessInitializeOnLoadMethodAttributes (37ms)
				AfterProcessingInitializeOnLoad (3ms)
				EditorAssembliesLoaded (0ms)
			ExecutionOrderSort2 (0ms)
			AwakeInstancesAfterBackupRestoration (6ms)
Platform modules already initialized, skipping
========================================================================
Worker process is ready to serve import requests
Launched and connected shader compiler UnityShaderCompiler.exe after 0.04 seconds
Refreshing native plugins compatible for Editor in 0.73 ms, found 4 plugins.
Preloading 0 native plugins for Editor in 0.00 ms.
Unloading 4056 Unused Serialized files (Serialized files now loaded: 0)
Unloading 44 unused Assets / (222.8 KB). Loaded Objects now: 4507.
Memory consumption went from 151.3 MB to 151.1 MB.
Total: 3.329000 ms (FindLiveObjects: 0.289500 ms CreateObjectMapping: 0.169400 ms MarkObjects: 2.737200 ms  DeleteObjects: 0.132100 ms)

AssetImportParameters requested are different than current active one (requested -> active):
  custom:video-decoder-ogg-theora: a1e56fd34408186e4bbccfd4996cb3dc -> 
  custom:container-muxer-webm: aa71ff27fc2769a1b78a27578f13a17b -> 
  custom:container-demuxer-webm: 4f35f7cbe854078d1ac9338744f61a02 -> 
  custom:video-encoder-webm-vp8: eb34c28f22e8b96e1ab97ce403110664 -> 
  custom:audio-encoder-webm-vorbis: bf7c407c2cedff20999df2af8eb42d56 -> 
  custom:framework-win-MediaFoundation: 216162199b28c13a410421893ffa2e32 -> 
  custom:container-demuxer-ogg: 62fdf1f143b41e24485cea50d1cbac27 -> 
  custom:video-decoder-webm-vp8: 9c59270c3fd7afecdb556c50c9e8de78 -> 
  custom:audio-decoder-ogg-vorbis: bf7c407c2cedff20999df2af8eb42d56 -> 
========================================================================
Received Import Request.
  Time since last request: 1289383.914803 seconds.
  path: Assets/Grafika/Style 4/Tile/3.png
  artifactKey: Guid(e2be8b2cecc06b6458d0e5b06ab67760) Importer(815301076,1909f56bfc062723c751e8b465ee728b)
Start importing Assets/Grafika/Style 4/Tile/3.png using Guid(e2be8b2cecc06b6458d0e5b06ab67760) Importer(815301076,1909f56bfc062723c751e8b465ee728b)  -> (artifact id: '8f6dde094be141d439d8dca1e00c6faf') in 0.139929 seconds 
========================================================================
Received Import Request.
  Time since last request: 0.000023 seconds.
  path: Assets/Grafika/Style 4/Tile/11.png
  artifactKey: Guid(4f334b690faf99442850f853d12cc127) Importer(815301076,1909f56bfc062723c751e8b465ee728b)
Start importing Assets/Grafika/Style 4/Tile/11.png using Guid(4f334b690faf99442850f853d12cc127) Importer(815301076,1909f56bfc062723c751e8b465ee728b)  -> (artifact id: 'c98dce5214e2891ed80528bd610ada99') in 0.011211 seconds 
========================================================================
Received Import Request.
  Time since last request: 0.000020 seconds.
  path: Assets/Grafika/Style 4/Tile/4.png
  artifactKey: Guid(140ecb9ef6774f84a932f1d464d47565) Importer(815301076,1909f56bfc062723c751e8b465ee728b)
Start importing Assets/Grafika/Style 4/Tile/4.png using Guid(140ecb9ef6774f84a932f1d464d47565) Importer(815301076,1909f56bfc062723c751e8b465ee728b)  -> (artifact id: '037f8e6b38ee0001cb1971e0e33431c2') in 0.010795 seconds 
========================================================================
Received Import Request.
  Time since last request: 10.012715 seconds.
  path: Assets/Grafika/Style 4/Tile/3.png
  artifactKey: Guid(e2be8b2cecc06b6458d0e5b06ab67760) Importer(815301076,1909f56bfc062723c751e8b465ee728b)
Start importing Assets/Grafika/Style 4/Tile/3.png using Guid(e2be8b2cecc06b6458d0e5b06ab67760) Importer(815301076,1909f56bfc062723c751e8b465ee728b)  -> (artifact id: '9e57248e2a119c751266319d01b96036') in 0.120012 seconds 
========================================================================
Received Import Request.
  Time since last request: 0.000026 seconds.
  path: Assets/Grafika/Style 4/Tile/10.png
  artifactKey: Guid(128cb43155a32a64b8204fc0ca3ce512) Importer(815301076,1909f56bfc062723c751e8b465ee728b)
Start importing Assets/Grafika/Style 4/Tile/10.png using Guid(128cb43155a32a64b8204fc0ca3ce512) Importer(815301076,1909f56bfc062723c751e8b465ee728b)  -> (artifact id: 'bf571ef9ebf972ef2e4092e01e2d27c2') in 0.010331 seconds 
========================================================================
Received Import Request.
  Time since last request: 0.000024 seconds.
  path: Assets/Grafika/Style 4/Tile/6.png
  artifactKey: Guid(748f6f5d76c5c35479dda5c0029a98a3) Importer(815301076,1909f56bfc062723c751e8b465ee728b)
Start importing Assets/Grafika/Style 4/Tile/6.png using Guid(748f6f5d76c5c35479dda5c0029a98a3) Importer(815301076,1909f56bfc062723c751e8b465ee728b)  -> (artifact id: 'c1067aade4ca05c646e5dbc2b0bc4806') in 0.010896 seconds 
========================================================================
Received Import Request.
  Time since last request: 0.000021 seconds.
  path: Assets/Grafika/Style 4/Tile/11.png
  artifactKey: Guid(4f334b690faf99442850f853d12cc127) Importer(815301076,1909f56bfc062723c751e8b465ee728b)
Start importing Assets/Grafika/Style 4/Tile/11.png using Guid(4f334b690faf99442850f853d12cc127) Importer(815301076,1909f56bfc062723c751e8b465ee728b)  -> (artifact id: '96b44f58340ee3b0739ec23e787d2092') in 0.011178 seconds 
========================================================================
Received Import Request.
  Time since last request: 0.000020 seconds.
  path: Assets/Grafika/Style 4/Tile/4.png
  artifactKey: Guid(140ecb9ef6774f84a932f1d464d47565) Importer(815301076,1909f56bfc062723c751e8b465ee728b)
Start importing Assets/Grafika/Style 4/Tile/4.png using Guid(140ecb9ef6774f84a932f1d464d47565) Importer(815301076,1909f56bfc062723c751e8b465ee728b)  -> (artifact id: '30b002e31c02cb58a2b740f68ad5063b') in 0.011054 seconds 
========================================================================
Received Import Request.
  Time since last request: 8.137758 seconds.
  path: Assets/Grafika/Style 4/Tile/3.png
  artifactKey: Guid(e2be8b2cecc06b6458d0e5b06ab67760) Importer(815301076,1909f56bfc062723c751e8b465ee728b)
Start importing Assets/Grafika/Style 4/Tile/3.png using Guid(e2be8b2cecc06b6458d0e5b06ab67760) Importer(815301076,1909f56bfc062723c751e8b465ee728b)  -> (artifact id: 'dba4d2d6e708adde4dddefca387c435d') in 0.045547 seconds 
========================================================================
Received Import Request.
  Time since last request: 0.000026 seconds.
  path: Assets/Grafika/Style 4/Tile/10.png
  artifactKey: Guid(128cb43155a32a64b8204fc0ca3ce512) Importer(815301076,1909f56bfc062723c751e8b465ee728b)
Start importing Assets/Grafika/Style 4/Tile/10.png using Guid(128cb43155a32a64b8204fc0ca3ce512) Importer(815301076,1909f56bfc062723c751e8b465ee728b)  -> (artifact id: 'ea4b2ed7a98a442ab9a5658b11bb1c13') in 0.017746 seconds 
========================================================================
Received Import Request.
  Time since last request: 0.000026 seconds.
  path: Assets/Grafika/Style 4/Tile/5.png
  artifactKey: Guid(45fd692c929abd649bd561833a864ad0) Importer(815301076,1909f56bfc062723c751e8b465ee728b)
Start importing Assets/Grafika/Style 4/Tile/5.png using Guid(45fd692c929abd649bd561833a864ad0) Importer(815301076,1909f56bfc062723c751e8b465ee728b)  -> (artifact id: 'a86d5b7b9cfaa05f25fc68910bbd108e') in 0.011506 seconds 
========================================================================
Received Import Request.
  Time since last request: 0.000021 seconds.
  path: Assets/Grafika/Style 4/Tile/9.png
  artifactKey: Guid(1b2977d58b2982e4d97658469add9d7b) Importer(815301076,1909f56bfc062723c751e8b465ee728b)
Start importing Assets/Grafika/Style 4/Tile/9.png using Guid(1b2977d58b2982e4d97658469add9d7b) Importer(815301076,1909f56bfc062723c751e8b465ee728b)  -> (artifact id: 'd45ab4ce663951aa4790a7e0fe40070e') in 0.020879 seconds 
========================================================================
Received Import Request.
  Time since last request: 0.000025 seconds.
  path: Assets/Grafika/Style 4/Tile/4.png
  artifactKey: Guid(140ecb9ef6774f84a932f1d464d47565) Importer(815301076,1909f56bfc062723c751e8b465ee728b)
Start importing Assets/Grafika/Style 4/Tile/4.png using Guid(140ecb9ef6774f84a932f1d464d47565) Importer(815301076,1909f56bfc062723c751e8b465ee728b)  -> (artifact id: '07834e140b42cbce05c2909dd0fd391e') in 0.015304 seconds 
========================================================================
Received Import Request.
  Time since last request: 15.975873 seconds.
  path: Assets/Grafika/Style 4/Tile/3.png
  artifactKey: Guid(e2be8b2cecc06b6458d0e5b06ab67760) Importer(815301076,1909f56bfc062723c751e8b465ee728b)
Start importing Assets/Grafika/Style 4/Tile/3.png using Guid(e2be8b2cecc06b6458d0e5b06ab67760) Importer(815301076,1909f56bfc062723c751e8b465ee728b)  -> (artifact id: 'c604e97cb97f9d72522b11978f721bb1') in 0.016203 seconds 
========================================================================
Received Import Request.
  Time since last request: 0.000036 seconds.
  path: Assets/Grafika/Style 4/Tile/12.png
  artifactKey: Guid(baa69710874d82146b726c14cdf9ea17) Importer(815301076,1909f56bfc062723c751e8b465ee728b)
Start importing Assets/Grafika/Style 4/Tile/12.png using Guid(baa69710874d82146b726c14cdf9ea17) Importer(815301076,1909f56bfc062723c751e8b465ee728b)  -> (artifact id: 'c8550e4a64d87ea2fecb61e353982028') in 0.012255 seconds 
========================================================================
Received Import Request.
  Time since last request: 0.000022 seconds.
  path: Assets/Grafika/Style 4/Tile/6.png
  artifactKey: Guid(748f6f5d76c5c35479dda5c0029a98a3) Importer(815301076,1909f56bfc062723c751e8b465ee728b)
Start importing Assets/Grafika/Style 4/Tile/6.png using Guid(748f6f5d76c5c35479dda5c0029a98a3) Importer(815301076,1909f56bfc062723c751e8b465ee728b)  -> (artifact id: 'b19aa2dfa2cb96747e88e2f41ee9a92a') in 0.012186 seconds 
========================================================================
Received Import Request.
  Time since last request: 0.000030 seconds.
  path: Assets/Grafika/Style 4/Tile/11.png
  artifactKey: Guid(4f334b690faf99442850f853d12cc127) Importer(815301076,1909f56bfc062723c751e8b465ee728b)
Start importing Assets/Grafika/Style 4/Tile/11.png using Guid(4f334b690faf99442850f853d12cc127) Importer(815301076,1909f56bfc062723c751e8b465ee728b)  -> (artifact id: '1353db91577e1e5a99ffa104ccd26e6f') in 0.020686 seconds 
========================================================================
Received Import Request.
  Time since last request: 0.000021 seconds.
  path: Assets/Grafika/Style 4/Tile/4.png
  artifactKey: Guid(140ecb9ef6774f84a932f1d464d47565) Importer(815301076,1909f56bfc062723c751e8b465ee728b)
Start importing Assets/Grafika/Style 4/Tile/4.png using Guid(140ecb9ef6774f84a932f1d464d47565) Importer(815301076,1909f56bfc062723c751e8b465ee728b)  -> (artifact id: 'cc5eb786490bf7dd59e2d6606df71548') in 0.015534 seconds 
========================================================================
Received Import Request.
  Time since last request: 4.977829 seconds.
  path: Assets/Grafika/Style 4/Tile/3.png
  artifactKey: Guid(e2be8b2cecc06b6458d0e5b06ab67760) Importer(815301076,1909f56bfc062723c751e8b465ee728b)
Start importing Assets/Grafika/Style 4/Tile/3.png using Guid(e2be8b2cecc06b6458d0e5b06ab67760) Importer(815301076,1909f56bfc062723c751e8b465ee728b)  -> (artifact id: '7d90c2db7663307efab1703a37a97211') in 0.068286 seconds 
========================================================================
Received Import Request.
  Time since last request: 0.000020 seconds.
  path: Assets/Grafika/Style 4/Tile/10.png
  artifactKey: Guid(128cb43155a32a64b8204fc0ca3ce512) Importer(815301076,1909f56bfc062723c751e8b465ee728b)
Start importing Assets/Grafika/Style 4/Tile/10.png using Guid(128cb43155a32a64b8204fc0ca3ce512) Importer(815301076,1909f56bfc062723c751e8b465ee728b)  -> (artifact id: '9f16e6a76c82fa736b03296b73f76b51') in 0.018552 seconds 
========================================================================
Received Import Request.
  Time since last request: 0.000021 seconds.
  path: Assets/Grafika/Style 4/Tile/16.png
  artifactKey: Guid(8b97dce6cb5062e48aad019c1c4bf03d) Importer(815301076,1909f56bfc062723c751e8b465ee728b)
Start importing Assets/Grafika/Style 4/Tile/16.png using Guid(8b97dce6cb5062e48aad019c1c4bf03d) Importer(815301076,1909f56bfc062723c751e8b465ee728b)  -> (artifact id: '1b33e0fbe38c8b9a080970909f92d25e') in 0.016575 seconds 
========================================================================
Received Import Request.
  Time since last request: 0.000021 seconds.
  path: Assets/Grafika/Style 4/Tile/11.png
  artifactKey: Guid(4f334b690faf99442850f853d12cc127) Importer(815301076,1909f56bfc062723c751e8b465ee728b)
Start importing Assets/Grafika/Style 4/Tile/11.png using Guid(4f334b690faf99442850f853d12cc127) Importer(815301076,1909f56bfc062723c751e8b465ee728b)  -> (artifact id: '355357a69a44a46fd00f28aa95a39cf7') in 0.013274 seconds 
========================================================================
Received Import Request.
  Time since last request: 0.000023 seconds.
  path: Assets/Grafika/Style 4/Tile/4.png
  artifactKey: Guid(140ecb9ef6774f84a932f1d464d47565) Importer(815301076,1909f56bfc062723c751e8b465ee728b)
Start importing Assets/Grafika/Style 4/Tile/4.png using Guid(140ecb9ef6774f84a932f1d464d47565) Importer(815301076,1909f56bfc062723c751e8b465ee728b)  -> (artifact id: '8e318da3997f0af943df743408448d28') in 0.019051 seconds 
========================================================================
Received Import Request.
  Time since last request: 0.000023 seconds.
  path: Assets/Grafika/Style 4/Tile/7.png
  artifactKey: Guid(ca3134ef91b33b844ac3f69d49684c41) Importer(815301076,1909f56bfc062723c751e8b465ee728b)
Start importing Assets/Grafika/Style 4/Tile/7.png using Guid(ca3134ef91b33b844ac3f69d49684c41) Importer(815301076,1909f56bfc062723c751e8b465ee728b)  -> (artifact id: 'bf0d1923c4e24cc4865a7e5dff4a521a') in 0.011056 seconds 
========================================================================
Received Import Request.
  Time since last request: 5.345319 seconds.
  path: Assets/Grafika/Style 4/Tile/3.png
  artifactKey: Guid(e2be8b2cecc06b6458d0e5b06ab67760) Importer(815301076,1909f56bfc062723c751e8b465ee728b)
Start importing Assets/Grafika/Style 4/Tile/3.png using Guid(e2be8b2cecc06b6458d0e5b06ab67760) Importer(815301076,1909f56bfc062723c751e8b465ee728b)  -> (artifact id: 'c05d436f38317f8f3f42e80fd217b317') in 0.049516 seconds 
========================================================================
Received Import Request.
  Time since last request: 0.000020 seconds.
  path: Assets/Grafika/Style 4/Tile/10.png
  artifactKey: Guid(128cb43155a32a64b8204fc0ca3ce512) Importer(815301076,1909f56bfc062723c751e8b465ee728b)
Start importing Assets/Grafika/Style 4/Tile/10.png using Guid(128cb43155a32a64b8204fc0ca3ce512) Importer(815301076,1909f56bfc062723c751e8b465ee728b)  -> (artifact id: 'ca97a549430268c12832b071c7879a90') in 0.016626 seconds 
========================================================================
Received Import Request.
  Time since last request: 0.000025 seconds.
  path: Assets/Grafika/Style 4/Tile/5.png
  artifactKey: Guid(45fd692c929abd649bd561833a864ad0) Importer(815301076,1909f56bfc062723c751e8b465ee728b)
Start importing Assets/Grafika/Style 4/Tile/5.png using Guid(45fd692c929abd649bd561833a864ad0) Importer(815301076,1909f56bfc062723c751e8b465ee728b)  -> (artifact id: '06ce5605bf47f8ca0a17670be08fdfef') in 0.012796 seconds 
========================================================================
Received Import Request.
  Time since last request: 0.000028 seconds.
  path: Assets/Grafika/Style 4/Tile/9.png
  artifactKey: Guid(1b2977d58b2982e4d97658469add9d7b) Importer(815301076,1909f56bfc062723c751e8b465ee728b)
Start importing Assets/Grafika/Style 4/Tile/9.png using Guid(1b2977d58b2982e4d97658469add9d7b) Importer(815301076,1909f56bfc062723c751e8b465ee728b)  -> (artifact id: 'c069b17837a09d8765548e3958b04c4e') in 0.014163 seconds 
========================================================================
Received Import Request.
  Time since last request: 0.000026 seconds.
  path: Assets/Grafika/Style 4/Tile/14.png
  artifactKey: Guid(343f08043e66f8c469e2c73846cba8b0) Importer(815301076,1909f56bfc062723c751e8b465ee728b)
Start importing Assets/Grafika/Style 4/Tile/14.png using Guid(343f08043e66f8c469e2c73846cba8b0) Importer(815301076,1909f56bfc062723c751e8b465ee728b)  -> (artifact id: '73ff60b86085f42c96efe0616317f5c2') in 0.014273 seconds 
========================================================================
Received Import Request.
  Time since last request: 9.870904 seconds.
  path: Assets/Grafika/Style 4/Tile/3.png
  artifactKey: Guid(e2be8b2cecc06b6458d0e5b06ab67760) Importer(815301076,1909f56bfc062723c751e8b465ee728b)
Start importing Assets/Grafika/Style 4/Tile/3.png using Guid(e2be8b2cecc06b6458d0e5b06ab67760) Importer(815301076,1909f56bfc062723c751e8b465ee728b)  -> (artifact id: '8574065bf6cee85ea947e5204e02f78b') in 0.045560 seconds 
========================================================================
Received Import Request.
  Time since last request: 0.000023 seconds.
  path: Assets/Grafika/Style 4/Tile/10.png
  artifactKey: Guid(128cb43155a32a64b8204fc0ca3ce512) Importer(815301076,1909f56bfc062723c751e8b465ee728b)
Start importing Assets/Grafika/Style 4/Tile/10.png using Guid(128cb43155a32a64b8204fc0ca3ce512) Importer(815301076,1909f56bfc062723c751e8b465ee728b)  -> (artifact id: 'e2bcba66e828e9f949d99baf39d1346a') in 0.018890 seconds 
========================================================================
Received Import Request.
  Time since last request: 0.000021 seconds.
  path: Assets/Grafika/Style 4/Tile/16.png
  artifactKey: Guid(8b97dce6cb5062e48aad019c1c4bf03d) Importer(815301076,1909f56bfc062723c751e8b465ee728b)
Start importing Assets/Grafika/Style 4/Tile/16.png using Guid(8b97dce6cb5062e48aad019c1c4bf03d) Importer(815301076,1909f56bfc062723c751e8b465ee728b)  -> (artifact id: '1eb163f8800aceb60fa2da3701c8ae78') in 0.018182 seconds 
========================================================================
Received Import Request.
  Time since last request: 0.000022 seconds.
  path: Assets/Grafika/Style 4/Tile/8.png
  artifactKey: Guid(b0d800e6dc154bf4984a29d6ce638daa) Importer(815301076,1909f56bfc062723c751e8b465ee728b)
Start importing Assets/Grafika/Style 4/Tile/8.png using Guid(b0d800e6dc154bf4984a29d6ce638daa) Importer(815301076,1909f56bfc062723c751e8b465ee728b)  -> (artifact id: '6632c963625265b96d4468fe229fc0a5') in 0.023330 seconds 
========================================================================
Received Import Request.
  Time since last request: 0.000037 seconds.
  path: Assets/Grafika/Style 4/Tile/4.png
  artifactKey: Guid(140ecb9ef6774f84a932f1d464d47565) Importer(815301076,1909f56bfc062723c751e8b465ee728b)
Start importing Assets/Grafika/Style 4/Tile/4.png using Guid(140ecb9ef6774f84a932f1d464d47565) Importer(815301076,1909f56bfc062723c751e8b465ee728b)  -> (artifact id: '5316e3d2f904a03dae0a120dc34aed06') in 0.014339 seconds 
========================================================================
Received Import Request.
  Time since last request: 19.509456 seconds.
  path: Assets/Grafika/Style 4/Tile/3.png
  artifactKey: Guid(e2be8b2cecc06b6458d0e5b06ab67760) Importer(815301076,1909f56bfc062723c751e8b465ee728b)
Start importing Assets/Grafika/Style 4/Tile/3.png using Guid(e2be8b2cecc06b6458d0e5b06ab67760) Importer(815301076,1909f56bfc062723c751e8b465ee728b)  -> (artifact id: '9775ff53d7f504edcefc0236c3fbf5a3') in 0.066913 seconds 
========================================================================
Received Import Request.
  Time since last request: 0.000021 seconds.
  path: Assets/Grafika/Style 4/Tile/13.png
  artifactKey: Guid(47438af7d45e4ac4c9e9343ab74f35fc) Importer(815301076,1909f56bfc062723c751e8b465ee728b)
Start importing Assets/Grafika/Style 4/Tile/13.png using Guid(47438af7d45e4ac4c9e9343ab74f35fc) Importer(815301076,1909f56bfc062723c751e8b465ee728b)  -> (artifact id: '5590e424b011f7b1fe6192bd062229f1') in 0.020436 seconds 
========================================================================
Received Import Request.
  Time since last request: 0.000022 seconds.
  path: Assets/Grafika/Style 4/Tile/6.png
  artifactKey: Guid(748f6f5d76c5c35479dda5c0029a98a3) Importer(815301076,1909f56bfc062723c751e8b465ee728b)
Start importing Assets/Grafika/Style 4/Tile/6.png using Guid(748f6f5d76c5c35479dda5c0029a98a3) Importer(815301076,1909f56bfc062723c751e8b465ee728b)  -> (artifact id: 'b5c1f7b5526511de5081c1c2d2579b03') in 0.016461 seconds 
========================================================================
Received Import Request.
  Time since last request: 0.000021 seconds.
  path: Assets/Grafika/Style 4/Tile/11.png
  artifactKey: Guid(4f334b690faf99442850f853d12cc127) Importer(815301076,1909f56bfc062723c751e8b465ee728b)
Start importing Assets/Grafika/Style 4/Tile/11.png using Guid(4f334b690faf99442850f853d12cc127) Importer(815301076,1909f56bfc062723c751e8b465ee728b)  -> (artifact id: '8b714168f41d8a42ed7d8449279745bd') in 0.022780 seconds 
========================================================================
Received Import Request.
  Time since last request: 0.000022 seconds.
  path: Assets/Grafika/Style 4/Tile/7.png
  artifactKey: Guid(ca3134ef91b33b844ac3f69d49684c41) Importer(815301076,1909f56bfc062723c751e8b465ee728b)
Start importing Assets/Grafika/Style 4/Tile/7.png using Guid(ca3134ef91b33b844ac3f69d49684c41) Importer(815301076,1909f56bfc062723c751e8b465ee728b)  -> (artifact id: '45309c59bb4c4f346d6ecd63aa38fcca') in 0.022148 seconds 
========================================================================
Received Import Request.
  Time since last request: 161.364337 seconds.
  path: Assets/Tilemaps/Styl4/2.asset
  artifactKey: Guid(a630fd5ef07a1a444867de295fe9646a) Importer(815301076,1909f56bfc062723c751e8b465ee728b)
Start importing Assets/Tilemaps/Styl4/2.asset using Guid(a630fd5ef07a1a444867de295fe9646a) Importer(815301076,1909f56bfc062723c751e8b465ee728b)  -> (artifact id: '6d146a65073d8e2d77eeecc25717b687') in 0.017733 seconds 
========================================================================
Received Import Request.
  Time since last request: 0.000020 seconds.
  path: Assets/Tilemaps/Styl4/8.asset
  artifactKey: Guid(ee35bc5b53095524a949e4637cbb7d1b) Importer(815301076,1909f56bfc062723c751e8b465ee728b)
Start importing Assets/Tilemaps/Styl4/8.asset using Guid(ee35bc5b53095524a949e4637cbb7d1b) Importer(815301076,1909f56bfc062723c751e8b465ee728b)  -> (artifact id: '017c593d4f710dcbef2d1a2830fd1662') in 0.008551 seconds 
========================================================================
Received Import Request.
  Time since last request: 0.000035 seconds.
  path: Assets/Tilemaps/Styl4/11.asset
  artifactKey: Guid(bcbdbc5bb58e3a343b6c71f31cafd15f) Importer(815301076,1909f56bfc062723c751e8b465ee728b)
Start importing Assets/Tilemaps/Styl4/11.asset using Guid(bcbdbc5bb58e3a343b6c71f31cafd15f) Importer(815301076,1909f56bfc062723c751e8b465ee728b)  -> (artifact id: '720668994ee759f42745c580c2e09e90') in 0.007568 seconds 
========================================================================
Received Import Request.
  Time since last request: 0.000024 seconds.
  path: Assets/Tilemaps/Styl4/6.asset
  artifactKey: Guid(1748e0e737e5570458c47a58e2635309) Importer(815301076,1909f56bfc062723c751e8b465ee728b)
Start importing Assets/Tilemaps/Styl4/6.asset using Guid(1748e0e737e5570458c47a58e2635309) Importer(815301076,1909f56bfc062723c751e8b465ee728b)  -> (artifact id: 'fca165933aff51441ee32f4155ef69d8') in 0.008645 seconds 
========================================================================
Received Import Request.
  Time since last request: 0.000028 seconds.
  path: Assets/Tilemaps/Styl4/14.asset
  artifactKey: Guid(d8bf12d35aba342488fcf2001953dfd3) Importer(815301076,1909f56bfc062723c751e8b465ee728b)
Start importing Assets/Tilemaps/Styl4/14.asset using Guid(d8bf12d35aba342488fcf2001953dfd3) Importer(815301076,1909f56bfc062723c751e8b465ee728b)  -> (artifact id: '6eac97b63ee373fbadf0532e2d41e37b') in 0.008313 seconds 
========================================================================
Received Import Request.
  Time since last request: 0.000019 seconds.
  path: Assets/Tilemaps/Styl4/16.asset
  artifactKey: Guid(cbc6dc39132dbb64da4c97d8c10e502f) Importer(815301076,1909f56bfc062723c751e8b465ee728b)
Start importing Assets/Tilemaps/Styl4/16.asset using Guid(cbc6dc39132dbb64da4c97d8c10e502f) Importer(815301076,1909f56bfc062723c751e8b465ee728b)  -> (artifact id: '7ba2d7baf4fe6118ccdedc5c83a5ca89') in 0.010173 seconds 
========================================================================
Received Import Request.
  Time since last request: 0.000024 seconds.
  path: Assets/Tilemaps/Styl4/12.asset
  artifactKey: Guid(01ed273515737ff4eafe8c37f8150a35) Importer(815301076,1909f56bfc062723c751e8b465ee728b)
Start importing Assets/Tilemaps/Styl4/12.asset using Guid(01ed273515737ff4eafe8c37f8150a35) Importer(815301076,1909f56bfc062723c751e8b465ee728b)  -> (artifact id: 'a2cb39d328679ceb575531102710d893') in 0.008420 seconds 
========================================================================
Received Import Request.
  Time since last request: 0.000027 seconds.
  path: Assets/Tilemaps/Styl4/4.asset
  artifactKey: Guid(a3a871d625eb9af4b9ed098d980e3479) Importer(815301076,1909f56bfc062723c751e8b465ee728b)
Start importing Assets/Tilemaps/Styl4/4.asset using Guid(a3a871d625eb9af4b9ed098d980e3479) Importer(815301076,1909f56bfc062723c751e8b465ee728b)  -> (artifact id: 'e8dc6e23de6f5cb36a1bb08b98039e06') in 0.009900 seconds 
========================================================================
Received Import Request.
  Time since last request: 0.000023 seconds.
  path: Assets/Tilemaps/Styl4/15.asset
  artifactKey: Guid(a43f45e0ae85205498a829351c9efa05) Importer(815301076,1909f56bfc062723c751e8b465ee728b)
Start importing Assets/Tilemaps/Styl4/15.asset using Guid(a43f45e0ae85205498a829351c9efa05) Importer(815301076,1909f56bfc062723c751e8b465ee728b)  -> (artifact id: '7540276a051e10a8a7a409b10dac244c') in 0.008548 seconds 
Editor requested this worker to shutdown with reason: Scaling down because of idle timeout
AssetImportWorker is now disconnected from the server
Process exiting
Exiting without the bug reporter. Application will terminate with return code 0